0,READY,process_name=EDGE1,assigned_at=0
0,READY,process_name=EDGE2,assigned_at=500
0,READY,process_name=P123X1,assigned_at=1049
0,READY,process_name=P123X2,assigned_at=1382
0,READY,process_name=P123X3,assigned_at=1715
0,RUNNING,process_name=EDGE1,remaining_time=200
3,RUNNING,process_name=EDGE2,remaining_time=200
6,RUNNING,process_name=P123X1,remaining_time=9
9,RUNNING,process_name=P123X2,remaining_time=6
12,RUNNING,process_name=P123X3,remaining_time=3
15,FINISHED,process_name=P123X3,proc_remaining=4
15,FINISHED-PROCESS,process_name=P123X3,sha=530c193aed16f2e784a4fe6d107ffbd3135448ab0f6e062262512e56e60df3b3
15,RUNNING,process_name=EDGE1,remaining_time=197
18,RUNNING,process_name=EDGE2,remaining_time=197
21,READY,process_name=P132X1,assigned_at=1715
21,RUNNING,process_name=P123X1,remaining_time=6
24,RUNNING,process_name=P123X2,remaining_time=3
27,FINISHED,process_name=P123X2,proc_remaining=6
27,FINISHED-PROCESS,process_name=P123X2,sha=a6ba40fcd89744857a82ac4fc2be0cafb504deaa71fd65507e3bb8e35e5b5095
27,READY,process_name=P132X2,assigned_at=1382
27,RUNNING,process_name=EDGE1,remaining_time=194
30,RUNNING,process_name=P132X1,remaining_time=9
33,RUNNING,process_name=EDGE2,remaining_time=194
36,RUNNING,process_name=P123X1,remaining_time=3
39,FINISHED,process_name=P123X1,proc_remaining=5
39,FINISHED-PROCESS,process_name=P123X1,sha=e8e6c8dab0f126b824893eb21f5b595c48800e2a35bcec45dfa6ef10afc7f5cb
39,READY,process_name=P132X3,assigned_at=1049
39,RUNNING,process_name=P132X2,remaining_time=3
42,FINISHED,process_name=P132X2,proc_remaining=4
42,FINISHED-PROCESS,process_name=P132X2,sha=d0d744268e2204fbf52224d55e190af4bd74cbd8bbdf8871dbe7962a47efb2c7
42,READY,process_name=P213X1,assigned_at=1382
42,RUNNING,process_name=EDGE1,remaining_time=191
45,RUNNING,process_name=P132X1,remaining_time=6
48,RUNNING,process_name=EDGE2,remaining_time=191
51,RUNNING,process_name=P132X3,remaining_time=6
54,RUNNING,process_name=P213X1,remaining_time=6
57,RUNNING,process_name=EDGE1,remaining_time=188
60,RUNNING,process_name=P132X1,remaining_time=3
63,FINISHED,process_name=P132X1,proc_remaining=9
63,FINISHED-PROCESS,process_name=P132X1,sha=c9e1bc9177107faab3e121378cf999831f803e47c83383cac11c9c3bad07c636
63,READY,process_name=P213X2,assigned_at=1715
63,RUNNING,process_name=EDGE2,remaining_time=188
66,RUNNING,process_name=P132X3,remaining_time=3
69,FINISHED,process_name=P132X3,proc_remaining=8
69,FINISHED-PROCESS,process_name=P132X3,sha=56c644d8056e10c56330078e66a7353e5eca4c03fcf874a31e534d0d8f18e86e
69,READY,process_name=P213X3,assigned_at=1049
69,RUNNING,process_name=P213X1,remaining_time=3
72,FINISHED,process_name=P213X1,proc_remaining=7
72,FINISHED-PROCESS,process_name=P213X1,sha=f7f3832e7b7200ff5190c9603b96dd56f6b23de8bf7c73cacf0d7a7635e48f08
72,READY,process_name=P231X1,assigned_at=1382
72,RUNNING,process_name=EDGE1,remaining_time=185
75,RUNNING,process_name=P213X2,remaining_time=9
78,RUNNING,process_name=EDGE2,remaining_time=185
81,RUNNING,process_name=P213X3,remaining_time=3
84,FINISHED,process_name=P213X3,proc_remaining=9
84,FINISHED-PROCESS,process_name=P213X3,sha=4699b5083db10a215161d007a89542f41bfd35aa04c4c664640a1a65d3888edf
84,READY,process_name=P231X2,assigned_at=1049
84,RUNNING,process_name=P231X1,remaining_time=3
87,FINISHED,process_name=P231X1,proc_remaining=8
87,FINISHED-PROCESS,process_name=P231X1,sha=8c6622277d3d444e01e2de62633805da05139515541cbe4fa2e92a8062ed159e
87,READY,process_name=P231X3,assigned_at=1382
87,RUNNING,process_name=EDGE1,remaining_time=182
90,RUNNING,process_name=P213X2,remaining_time=6
93,RUNNING,process_name=EDGE2,remaining_time=182
96,RUNNING,process_name=P231X2,remaining_time=9
99,RUNNING,process_name=P231X3,remaining_time=6
102,RUNNING,process_name=EDGE1,remaining_time=179
105,RUNNING,process_name=P213X2,remaining_time=3
108,FINISHED,process_name=P213X2,proc_remaining=10
108,FINISHED-PROCESS,process_name=P213X2,sha=a9b0a9bf41fd4e0694406421f57bb5bdd3fd6fcb9530f51ee6b2adf33e5bf435
108,READY,process_name=P312X1,assigned_at=1715
108,RUNNING,process_name=EDGE2,remaining_time=179
111,RUNNING,process_name=P231X2,remaining_time=6
114,RUNNING,process_name=P231X3,remaining_time=3
117,FINISHED,process_name=P231X3,proc_remaining=9
117,FINISHED-PROCESS,process_name=P231X3,sha=c10b742c65f15f8be543d8793cbb628c59b346b77213a3701bd3bd19a721e81b
117,READY,process_name=P312X2,assigned_at=1382
117,RUNNING,process_name=EDGE1,remaining_time=176
120,RUNNING,process_name=P312X1,remaining_time=6
123,RUNNING,process_name=EDGE2,remaining_time=176
126,RUNNING,process_name=P231X2,remaining_time=3
129,FINISHED,process_name=P231X2,proc_remaining=14
129,FINISHED-PROCESS,process_name=P231X2,sha=d50a5e466b9181db184b9ab38d1703490b76900f7ed670a6d429314022942e8f
129,READY,process_name=P312X3,assigned_at=1049
129,RUNNING,process_name=P312X2,remaining_time=3
132,FINISHED,process_name=P312X2,proc_remaining=13
132,FINISHED-PROCESS,process_name=P312X2,sha=180a2919a14ac9ae40798270b462c38cd97f7b1d5e478e8ef871adcf0e234631
132,READY,process_name=P321X1,assigned_at=1382
132,RUNNING,process_name=EDGE1,remaining_time=173
135,RUNNING,process_name=P312X1,remaining_time=3
138,FINISHED,process_name=P312X1,proc_remaining=12
138,FINISHED-PROCESS,process_name=P312X1,sha=c7f62d8f61532d8a71e8f21544cd47c789200911dd5cad42a76b0d3358f9d1f3
138,READY,process_name=P321X2,assigned_at=1715
138,RUNNING,process_name=EDGE2,remaining_time=173
141,RUNNING,process_name=P312X3,remaining_time=9
144,RUNNING,process_name=P321X1,remaining_time=3
147,FINISHED,process_name=P321X1,proc_remaining=11
147,FINISHED-PROCESS,process_name=P321X1,sha=0461f870bd8786d2906d68ac3e4deb45db499a9e82ed05e64bc978b99c38d5cc
147,READY,process_name=P321X3,assigned_at=1382
147,RUNNING,process_name=EDGE1,remaining_time=170
150,RUNNING,process_name=P321X2,remaining_time=6
153,RUNNING,process_name=EDGE2,remaining_time=170
156,RUNNING,process_name=P312X3,remaining_time=6
159,RUNNING,process_name=P321X3,remaining_time=9
162,RUNNING,process_name=EDGE1,remaining_time=167
165,RUNNING,process_name=P321X2,remaining_time=3
168,FINISHED,process_name=P321X2,proc_remaining=10
168,FINISHED-PROCESS,process_name=P321X2,sha=2af1c5d764131bcaffba7c58bedcde811b0c471d32cf9b7890a678d317975f81
168,RUNNING,process_name=EDGE2,remaining_time=167
171,RUNNING,process_name=P312X3,remaining_time=3
174,FINISHED,process_name=P312X3,proc_remaining=9
174,FINISHED-PROCESS,process_name=P312X3,sha=da048b86542e9f4d6c3ca3bab319fb1d1ac76fcece81c19d63758f22cee4ab5b
174,RUNNING,process_name=P321X3,remaining_time=6
177,RUNNING,process_name=EDGE1,remaining_time=164
180,RUNNING,process_name=EDGE2,remaining_time=164
183,RUNNING,process_name=P321X3,remaining_time=3
186,FINISHED,process_name=P321X3,proc_remaining=8
186,FINISHED-PROCESS,process_name=P321X3,sha=1472142d83f4e58a44d996d244f37173dcd180e1a9469442c3cc10bd2a8d017a
186,READY,process_name=512X1,assigned_at=1049
186,RUNNING,process_name=EDGE1,remaining_time=161
189,RUNNING,process_name=EDGE2,remaining_time=161
192,RUNNING,process_name=512X1,remaining_time=1
195,FINISHED,process_name=512X1,proc_remaining=7
195,FINISHED-PROCESS,process_name=512X1,sha=8081afa846ada7273bb5277ecb71b0fc1b7b52db51e98e5e17c26eb21d5da7ed
195,READY,process_name=512X2,assigned_at=1049
195,RUNNING,process_name=EDGE1,remaining_time=158
198,RUNNING,process_name=EDGE2,remaining_time=158
201,RUNNING,process_name=512X2,remaining_time=1
204,FINISHED,process_name=512X2,proc_remaining=6
204,FINISHED-PROCESS,process_name=512X2,sha=bc2d2d3ca9e85630d0b748d6c4d5024e20147c8d8d0fc61030c31bb6394f7b39
204,READY,process_name=512X3,assigned_at=1049
204,RUNNING,process_name=EDGE1,remaining_time=155
207,RUNNING,process_name=EDGE2,remaining_time=155
210,RUNNING,process_name=512X3,remaining_time=1
213,FINISHED,process_name=512X3,proc_remaining=5
213,FINISHED-PROCESS,process_name=512X3,sha=02933fdbd0a3ea4ae72341917de09c3bfd3bd114885e5c07c72eb229cc072b25
213,READY,process_name=512X4,assigned_at=1049
213,RUNNING,process_name=EDGE1,remaining_time=152
216,RUNNING,process_name=EDGE2,remaining_time=152
219,RUNNING,process_name=512X4,remaining_time=1
222,FINISHED,process_name=512X4,proc_remaining=4
222,FINISHED-PROCESS,process_name=512X4,sha=f6b6eb685c832b4994530f2cae215c45f00d5346b3708f17e1f94c7b032fff4f
222,RUNNING,process_name=EDGE1,remaining_time=149
225,RUNNING,process_name=EDGE2,remaining_time=149
228,RUNNING,process_name=EDGE1,remaining_time=146
231,RUNNING,process_name=EDGE2,remaining_time=146
234,RUNNING,process_name=EDGE1,remaining_time=143
237,RUNNING,process_name=EDGE2,remaining_time=143
240,RUNNING,process_name=EDGE1,remaining_time=140
243,RUNNING,process_name=EDGE2,remaining_time=140
246,RUNNING,process_name=EDGE1,remaining_time=137
249,RUNNING,process_name=EDGE2,remaining_time=137
252,RUNNING,process_name=EDGE1,remaining_time=134
255,RUNNING,process_name=EDGE2,remaining_time=134
258,RUNNING,process_name=EDGE1,remaining_time=131
261,RUNNING,process_name=EDGE2,remaining_time=131
264,RUNNING,process_name=EDGE1,remaining_time=128
267,RUNNING,process_name=EDGE2,remaining_time=128
270,RUNNING,process_name=EDGE1,remaining_time=125
273,RUNNING,process_name=EDGE2,remaining_time=125
276,RUNNING,process_name=EDGE1,remaining_time=122
279,RUNNING,process_name=EDGE2,remaining_time=122
282,RUNNING,process_name=EDGE1,remaining_time=119
285,RUNNING,process_name=EDGE2,remaining_time=119
288,RUNNING,process_name=EDGE1,remaining_time=116
291,RUNNING,process_name=EDGE2,remaining_time=116
294,RUNNING,process_name=EDGE1,remaining_time=113
297,RUNNING,process_name=EDGE2,remaining_time=113
300,RUNNING,process_name=EDGE1,remaining_time=110
303,RUNNING,process_name=EDGE2,remaining_time=110
306,RUNNING,process_name=EDGE1,remaining_time=107
309,RUNNING,process_name=EDGE2,remaining_time=107
312,RUNNING,process_name=EDGE1,remaining_time=104
315,RUNNING,process_name=EDGE2,remaining_time=104
318,RUNNING,process_name=EDGE1,remaining_time=101
321,RUNNING,process_name=EDGE2,remaining_time=101
324,RUNNING,process_name=EDGE1,remaining_time=98
327,RUNNING,process_name=EDGE2,remaining_time=98
330,RUNNING,process_name=EDGE1,remaining_time=95
333,RUNNING,process_name=EDGE2,remaining_time=95
336,RUNNING,process_name=EDGE1,remaining_time=92
339,RUNNING,process_name=EDGE2,remaining_time=92
342,RUNNING,process_name=EDGE1,remaining_time=89
345,RUNNING,process_name=EDGE2,remaining_time=89
348,RUNNING,process_name=EDGE1,remaining_time=86
351,RUNNING,process_name=EDGE2,remaining_time=86
354,RUNNING,process_name=EDGE1,remaining_time=83
357,RUNNING,process_name=EDGE2,remaining_time=83
360,RUNNING,process_name=EDGE1,remaining_time=80
363,RUNNING,process_name=EDGE2,remaining_time=80
366,RUNNING,process_name=EDGE1,remaining_time=77
369,RUNNING,process_name=EDGE2,remaining_time=77
372,RUNNING,process_name=EDGE1,remaining_time=74
375,RUNNING,process_name=EDGE2,remaining_time=74
378,RUNNING,process_name=EDGE1,remaining_time=71
381,RUNNING,process_name=EDGE2,remaining_time=71
384,RUNNING,process_name=EDGE1,remaining_time=68
387,RUNNING,process_name=EDGE2,remaining_time=68
390,RUNNING,process_name=EDGE1,remaining_time=65
393,RUNNING,process_name=EDGE2,remaining_time=65
396,RUNNING,process_name=EDGE1,remaining_time=62
399,RUNNING,process_name=EDGE2,remaining_time=62
402,RUNNING,process_name=EDGE1,remaining_time=59
405,RUNNING,process_name=EDGE2,remaining_time=59
408,RUNNING,process_name=EDGE1,remaining_time=56
411,RUNNING,process_name=EDGE2,remaining_time=56
414,RUNNING,process_name=EDGE1,remaining_time=53
417,RUNNING,process_name=EDGE2,remaining_time=53
420,RUNNING,process_name=EDGE1,remaining_time=50
423,RUNNING,process_name=EDGE2,remaining_time=50
426,RUNNING,process_name=EDGE1,remaining_time=47
429,RUNNING,process_name=EDGE2,remaining_time=47
432,RUNNING,process_name=EDGE1,remaining_time=44
435,RUNNING,process_name=EDGE2,remaining_time=44
438,RUNNING,process_name=EDGE1,remaining_time=41
441,RUNNING,process_name=EDGE2,remaining_time=41
444,RUNNING,process_name=EDGE1,remaining_time=38
447,RUNNING,process_name=EDGE2,remaining_time=38
450,RUNNING,process_name=EDGE1,remaining_time=35
453,RUNNING,process_name=EDGE2,remaining_time=35
456,RUNNING,process_name=EDGE1,remaining_time=32
459,RUNNING,process_name=EDGE2,remaining_time=32
462,RUNNING,process_name=EDGE1,remaining_time=29
465,RUNNING,process_name=EDGE2,remaining_time=29
468,RUNNING,process_name=EDGE1,remaining_time=26
471,RUNNING,process_name=EDGE2,remaining_time=26
474,RUNNING,process_name=EDGE1,remaining_time=23
477,RUNNING,process_name=EDGE2,remaining_time=23
480,RUNNING,process_name=EDGE1,remaining_time=20
483,RUNNING,process_name=EDGE2,remaining_time=20
486,RUNNING,process_name=EDGE1,remaining_time=17
489,RUNNING,process_name=EDGE2,remaining_time=17
492,RUNNING,process_name=EDGE1,remaining_time=14
495,RUNNING,process_name=EDGE2,remaining_time=14
498,RUNNING,process_name=EDGE1,remaining_time=11
501,RUNNING,process_name=EDGE2,remaining_time=11
504,RUNNING,process_name=EDGE1,remaining_time=8
507,RUNNING,process_name=EDGE2,remaining_time=8
510,RUNNING,process_name=EDGE1,remaining_time=5
513,RUNNING,process_name=EDGE2,remaining_time=5
516,RUNNING,process_name=EDGE1,remaining_time=2
519,FINISHED,process_name=EDGE1,proc_remaining=3
519,FINISHED-PROCESS,process_name=EDGE1,sha=90762cf55b1af0ea67779167d7ec9e130d1c1a4fd91e3b30b5faee0a9620b8cf
519,RUNNING,process_name=EDGE2,remaining_time=2
522,FINISHED,process_name=EDGE2,proc_remaining=2
522,FINISHED-PROCESS,process_name=EDGE2,sha=af8d060508b334ed6a703afada3af1e9eaa97a312a105d0fbf003446a9205499
522,READY,process_name=2048X1,assigned_at=0
522,RUNNING,process_name=2048X1,remaining_time=1
525,FINISHED,process_name=2048X1,proc_remaining=1
525,FINISHED-PROCESS,process_name=2048X1,sha=1dd6797a0a8402ba7c554ea2281e6a82ec0ad9161d997664c6ef8d9a3471bab8
525,READY,process_name=2048X2,assigned_at=0
525,RUNNING,process_name=2048X2,remaining_time=1
528,FINISHED,process_name=2048X2,proc_remaining=0
528,FINISHED-PROCESS,process_name=2048X2,sha=3741aef3bd17026cb95e22a64d3d36901808c0f9d54d6a53813857d531b72e5c
Turnaround time 120
Time overhead 408.00 51.31
Makespan 528
