0,READY,process_name=FILL0X0,assigned_at=0
0,RUNNING,process_name=FILL0X0,remaining_time=1
1,FINISHED,process_name=FILL0X0,proc_remaining=0
1,FINISHED-PROCESS,process_name=FILL0X0,sha=955a2bf34c308c5781314ff93501ad45a701c3039bbc0c2b2d864055f4e9238a
1,READY,process_name=FILL1X1,assigned_at=0
1,RUNNING,process_name=FILL1X1,remaining_time=2
2,READY,process_name=EDGE1X1,assigned_at=2047
3,FINISHED,process_name=FILL1X1,proc_remaining=1
3,FINISHED-PROCESS,process_name=FILL1X1,sha=ebfeea3386d9d9fa113e0f0db46cf1e9964b2502371505f6f602b38f54140092
3,RUNNING,process_name=EDGE1X1,remaining_time=1
4,FINISHED,process_name=EDGE1X1,proc_remaining=0
4,FINISHED-PROCESS,process_name=EDGE1X1,sha=5be8bbb86d94eb2ae017c56887fe25dfec2417ad920e5f99fa5506acae9850e9
4,READY,process_name=EDGE2X1,assigned_at=0
4,RUNNING,process_name=EDGE2X1,remaining_time=2
5,READY,process_name=FILL2X1,assigned_at=1
6,FINISHED,process_name=EDGE2X1,proc_remaining=1
6,FINISHED-PROCESS,process_name=EDGE2X1,sha=432eac5a1275908fef87eaae740a21ec2bb61e081135fb14568d17e0853a82f8
6,RUNNING,process_name=FILL2X1,remaining_time=1
7,FINISHED,process_name=FILL2X1,proc_remaining=0
7,FINISHED-PROCESS,process_name=FILL2X1,sha=c18d060fbf7b679ef917e64e6960c0bd4c16cb2fab961a961150a7146b637353
7,READY,process_name=TEST1,assigned_at=0
7,RUNNING,process_name=TEST1,remaining_time=1
8,FINISHED,process_name=TEST1,proc_remaining=0
8,FINISHED-PROCESS,process_name=TEST1,sha=2b9bb842a28907ef9667a4a63211116b17bfc92a226e7f9176d2c7724cb89111
8,READY,process_name=TEST2,assigned_at=0
8,RUNNING,process_name=TEST2,remaining_time=1
9,FINISHED,process_name=TEST2,proc_remaining=0
9,FINISHED-PROCESS,process_name=TEST2,sha=1e92cbf1f101975bf92ea6efce8ddd41fa62bf039f5d2af71c547070f1246155
Turnaround time 2
Time overhead 2.00 1.29
Makespan 9
