0,READY,process_name=P0,assigned_at=0
0,RUNNING,process_name=P0,remaining_time=13
6,READY,process_name=P1,assigned_at=64
6,READY,process_name=P2,assigned_at=66
15,FINISHED,process_name=P0,proc_remaining=2
15,FINISHED-PROCESS,process_name=P0,sha=82caf91d79bdc649ba17f62c76a5c237a2cac77e6eed3bfbd3badbc39dfae2f1
15,RUNNING,process_name=P2,remaining_time=37
21,READY,process_name=P3,assigned_at=0
27,READY,process_name=P4,assigned_at=82
45,READY,process_name=P5,assigned_at=2
54,FINISHED,process_name=P2,proc_remaining=4
54,FINISHED-PROCESS,process_name=P2,sha=11c7ee66526cd593faa31f8fa410a027c7834891766120544aafa9bab7465cfe
54,RUNNING,process_name=P4,remaining_time=86
66,READY,process_name=P7,assigned_at=146
72,READY,process_name=P8,assigned_at=658
93,READY,process_name=P9,assigned_at=1682
96,READY,process_name=P10,assigned_at=4
111,READY,process_name=P11,assigned_at=66
120,READY,process_name=P12,assigned_at=1746
120,READY,process_name=P13,assigned_at=36
123,READY,process_name=P14,assigned_at=1778
141,FINISHED,process_name=P4,proc_remaining=12
141,FINISHED-PROCESS,process_name=P4,sha=97e61d08707d6b49d9a9510606c328f5eeb5d194c7fec678022c9b2c8433ffe9
141,RUNNING,process_name=P14,remaining_time=5
147,FINISHED,process_name=P14,proc_remaining=11
147,FINISHED-PROCESS,process_name=P14,sha=9381a092312f70de456cd67a1e72f1cbe54931130d95735ba23b3b86454b5fb8
147,RUNNING,process_name=P9,remaining_time=8
156,FINISHED,process_name=P9,proc_remaining=10
156,FINISHED-PROCESS,process_name=P9,sha=6ad225c0ac7de4c1766789f6d9d5b34964963c36cf26aa620d99c7ffe8a6a0fb
156,RUNNING,process_name=P11,remaining_time=53
210,FINISHED,process_name=P11,proc_remaining=9
210,FINISHED-PROCESS,process_name=P11,sha=e518461659191a6efa8192b2cda76228f625639a193680baea5e867d2dee8980
210,RUNNING,process_name=P13,remaining_time=53
264,FINISHED,process_name=P13,proc_remaining=8
264,FINISHED-PROCESS,process_name=P13,sha=9181b25f1b037679bfbc16ee426b264c80f2783fd44803533cf10d15cc9e58fe
264,RUNNING,process_name=P10,remaining_time=98
363,FINISHED,process_name=P10,proc_remaining=7
363,FINISHED-PROCESS,process_name=P10,sha=7e5cb1a77562914575c0fa9f61f578aee79db6c4e9c11bce6c16934ece61d915
363,RUNNING,process_name=P3,remaining_time=102
465,FINISHED,process_name=P3,proc_remaining=6
465,FINISHED-PROCESS,process_name=P3,sha=72aca20a2d0423db31846db25cd01cd0ee6d4207cd99c21ffeaac81e14e65545
465,RUNNING,process_name=P12,remaining_time=106
573,FINISHED,process_name=P12,proc_remaining=5
573,FINISHED-PROCESS,process_name=P12,sha=e853cda6bfe743c524173a496773c43507948d66278e7d8a4fb5ee361194a9a3
573,RUNNING,process_name=P5,remaining_time=124
699,FINISHED,process_name=P5,proc_remaining=4
699,FINISHED-PROCESS,process_name=P5,sha=ad7629544e966891dbd3648cff26e7c9e889cc73c96086db9e2704216667aeb6
699,RUNNING,process_name=P7,remaining_time=138
837,FINISHED,process_name=P7,proc_remaining=3
837,FINISHED-PROCESS,process_name=P7,sha=0ec503caa2d933c7024833ecb599a87fa88e3b3e3d5828c6ab213879774f426c
837,RUNNING,process_name=P1,remaining_time=144
981,FINISHED,process_name=P1,proc_remaining=2
981,FINISHED-PROCESS,process_name=P1,sha=bab0bc505d7f9297ff61ea9a16f8f8e36fda6855251392474a49f4aab6e8cc95
981,RUNNING,process_name=P8,remaining_time=144
1125,FINISHED,process_name=P8,proc_remaining=1
1125,FINISHED-PROCESS,process_name=P8,sha=763006a950c9019bd5495c287f735af631fe93229db5b169c53bd7436dc8f262
1125,READY,process_name=P6,assigned_at=0
1125,RUNNING,process_name=P6,remaining_time=115
1242,FINISHED,process_name=P6,proc_remaining=0
1242,FINISHED-PROCESS,process_name=P6,sha=ccd4028ab04fd6883917a654090b3c71babcce0817f33bd66e1fc4c02060c5dc
Turnaround time 422
Time overhead 10.29 4.54
Makespan 1242
