0,READY,process_name=P0,assigned_at=0
0,RUNNING,process_name=P0,remaining_time=13
6,READY,process_name=P1,assigned_at=64
6,READY,process_name=P2,assigned_at=66
6,RUNNING,process_name=P1,remaining_time=144
9,RUNNING,process_name=P2,remaining_time=37
12,RUNNING,process_name=P0,remaining_time=7
15,RUNNING,process_name=P1,remaining_time=141
18,RUNNING,process_name=P2,remaining_time=34
21,READY,process_name=P3,assigned_at=82
21,RUNNING,process_name=P0,remaining_time=4
24,RUNNING,process_name=P1,remaining_time=138
27,READY,process_name=P4,assigned_at=84
27,RUNNING,process_name=P3,remaining_time=102
30,RUNNING,process_name=P2,remaining_time=31
33,RUNNING,process_name=P0,remaining_time=1
36,FINISHED,process_name=P0,proc_remaining=4
36,FINISHED-PROCESS,process_name=P0,sha=35b3f09dc0ef695f3a2b77c94e1c9fd568ff21274fbf282c0940a108b31345bc
36,RUNNING,process_name=P4,remaining_time=86
39,RUNNING,process_name=P1,remaining_time=135
42,RUNNING,process_name=P3,remaining_time=99
45,READY,process_name=P5,assigned_at=0
45,RUNNING,process_name=P2,remaining_time=28
48,RUNNING,process_name=P4,remaining_time=83
51,RUNNING,process_name=P1,remaining_time=132
54,RUNNING,process_name=P5,remaining_time=124
57,RUNNING,process_name=P3,remaining_time=96
60,RUNNING,process_name=P2,remaining_time=25
63,RUNNING,process_name=P4,remaining_time=80
66,READY,process_name=P7,assigned_at=148
66,RUNNING,process_name=P1,remaining_time=129
69,RUNNING,process_name=P5,remaining_time=121
72,READY,process_name=P8,assigned_at=660
72,RUNNING,process_name=P3,remaining_time=93
75,RUNNING,process_name=P2,remaining_time=22
78,RUNNING,process_name=P7,remaining_time=138
81,RUNNING,process_name=P4,remaining_time=77
84,RUNNING,process_name=P1,remaining_time=126
87,RUNNING,process_name=P8,remaining_time=144
90,RUNNING,process_name=P5,remaining_time=118
93,READY,process_name=P9,assigned_at=1684
93,RUNNING,process_name=P3,remaining_time=90
96,READY,process_name=P10,assigned_at=2
96,RUNNING,process_name=P2,remaining_time=19
99,RUNNING,process_name=P7,remaining_time=135
102,RUNNING,process_name=P4,remaining_time=74
105,RUNNING,process_name=P1,remaining_time=123
108,RUNNING,process_name=P8,remaining_time=141
111,READY,process_name=P11,assigned_at=34
111,RUNNING,process_name=P9,remaining_time=8
114,RUNNING,process_name=P5,remaining_time=115
117,RUNNING,process_name=P10,remaining_time=98
120,READY,process_name=P12,assigned_at=1748
120,READY,process_name=P13,assigned_at=50
120,RUNNING,process_name=P3,remaining_time=87
123,READY,process_name=P14,assigned_at=1780
123,RUNNING,process_name=P2,remaining_time=16
126,RUNNING,process_name=P7,remaining_time=132
129,RUNNING,process_name=P4,remaining_time=71
132,RUNNING,process_name=P1,remaining_time=120
135,RUNNING,process_name=P11,remaining_time=53
138,RUNNING,process_name=P8,remaining_time=138
141,RUNNING,process_name=P9,remaining_time=5
144,RUNNING,process_name=P5,remaining_time=112
147,RUNNING,process_name=P12,remaining_time=106
150,RUNNING,process_name=P13,remaining_time=53
153,RUNNING,process_name=P10,remaining_time=95
156,RUNNING,process_name=P14,remaining_time=5
159,RUNNING,process_name=P3,remaining_time=84
162,RUNNING,process_name=P2,remaining_time=13
165,RUNNING,process_name=P7,remaining_time=129
168,RUNNING,process_name=P4,remaining_time=68
171,RUNNING,process_name=P1,remaining_time=117
174,RUNNING,process_name=P11,remaining_time=50
177,RUNNING,process_name=P8,remaining_time=135
180,RUNNING,process_name=P9,remaining_time=2
183,FINISHED,process_name=P9,proc_remaining=13
183,FINISHED-PROCESS,process_name=P9,sha=c232b4d8d596cd024a61cbe4b2984d74db60ae10c6d4b43100edf188dfa4a0c5
183,RUNNING,process_name=P5,remaining_time=109
186,RUNNING,process_name=P12,remaining_time=103
189,RUNNING,process_name=P13,remaining_time=50
192,RUNNING,process_name=P10,remaining_time=92
195,RUNNING,process_name=P14,remaining_time=2
198,FINISHED,process_name=P14,proc_remaining=12
198,FINISHED-PROCESS,process_name=P14,sha=078b808cf2ddfa87d0379c736bb1a3390df3e0ee2b2d7fff3f77c21871eeb8b0
198,RUNNING,process_name=P3,remaining_time=81
201,RUNNING,process_name=P2,remaining_time=10
204,RUNNING,process_name=P7,remaining_time=126
207,RUNNING,process_name=P4,remaining_time=65
210,RUNNING,process_name=P1,remaining_time=114
213,RUNNING,process_name=P11,remaining_time=47
216,RUNNING,process_name=P8,remaining_time=132
219,RUNNING,process_name=P5,remaining_time=106
222,RUNNING,process_name=P12,remaining_time=100
225,RUNNING,process_name=P13,remaining_time=47
228,RUNNING,process_name=P10,remaining_time=89
231,RUNNING,process_name=P3,remaining_time=78
234,RUNNING,process_name=P2,remaining_time=7
237,RUNNING,process_name=P7,remaining_time=123
240,RUNNING,process_name=P4,remaining_time=62
243,RUNNING,process_name=P1,remaining_time=111
246,RUNNING,process_name=P11,remaining_time=44
249,RUNNING,process_name=P8,remaining_time=129
252,RUNNING,process_name=P5,remaining_time=103
255,RUNNING,process_name=P12,remaining_time=97
258,RUNNING,process_name=P13,remaining_time=44
261,RUNNING,process_name=P10,remaining_time=86
264,RUNNING,process_name=P3,remaining_time=75
267,RUNNING,process_name=P2,remaining_time=4
270,RUNNING,process_name=P7,remaining_time=120
273,RUNNING,process_name=P4,remaining_time=59
276,RUNNING,process_name=P1,remaining_time=108
279,RUNNING,process_name=P11,remaining_time=41
282,RUNNING,process_name=P8,remaining_time=126
285,RUNNING,process_name=P5,remaining_time=100
288,RUNNING,process_name=P12,remaining_time=94
291,RUNNING,process_name=P13,remaining_time=41
294,RUNNING,process_name=P10,remaining_time=83
297,RUNNING,process_name=P3,remaining_time=72
300,RUNNING,process_name=P2,remaining_time=1
303,FINISHED,process_name=P2,proc_remaining=11
303,FINISHED-PROCESS,process_name=P2,sha=dcaac94782fea988a92ae66336569631c207dffa58f9958b05eeef054f211f42
303,RUNNING,process_name=P7,remaining_time=117
306,RUNNING,process_name=P4,remaining_time=56
309,RUNNING,process_name=P1,remaining_time=105
312,RUNNING,process_name=P11,remaining_time=38
315,RUNNING,process_name=P8,remaining_time=123
318,RUNNING,process_name=P5,remaining_time=97
321,RUNNING,process_name=P12,remaining_time=91
324,RUNNING,process_name=P13,remaining_time=38
327,RUNNING,process_name=P10,remaining_time=80
330,RUNNING,process_name=P3,remaining_time=69
333,RUNNING,process_name=P7,remaining_time=114
336,RUNNING,process_name=P4,remaining_time=53
339,RUNNING,process_name=P1,remaining_time=102
342,RUNNING,process_name=P11,remaining_time=35
345,RUNNING,process_name=P8,remaining_time=120
348,RUNNING,process_name=P5,remaining_time=94
351,RUNNING,process_name=P12,remaining_time=88
354,RUNNING,process_name=P13,remaining_time=35
357,RUNNING,process_name=P10,remaining_time=77
360,RUNNING,process_name=P3,remaining_time=66
363,RUNNING,process_name=P7,remaining_time=111
366,RUNNING,process_name=P4,remaining_time=50
369,RUNNING,process_name=P1,remaining_time=99
372,RUNNING,process_name=P11,remaining_time=32
375,RUNNING,process_name=P8,remaining_time=117
378,RUNNING,process_name=P5,remaining_time=91
381,RUNNING,process_name=P12,remaining_time=85
384,RUNNING,process_name=P13,remaining_time=32
387,RUNNING,process_name=P10,remaining_time=74
390,RUNNING,process_name=P3,remaining_time=63
393,RUNNING,process_name=P7,remaining_time=108
396,RUNNING,process_name=P4,remaining_time=47
399,RUNNING,process_name=P1,remaining_time=96
402,RUNNING,process_name=P11,remaining_time=29
405,RUNNING,process_name=P8,remaining_time=114
408,RUNNING,process_name=P5,remaining_time=88
411,RUNNING,process_name=P12,remaining_time=82
414,RUNNING,process_name=P13,remaining_time=29
417,RUNNING,process_name=P10,remaining_time=71
420,RUNNING,process_name=P3,remaining_time=60
423,RUNNING,process_name=P7,remaining_time=105
426,RUNNING,process_name=P4,remaining_time=44
429,RUNNING,process_name=P1,remaining_time=93
432,RUNNING,process_name=P11,remaining_time=26
435,RUNNING,process_name=P8,remaining_time=111
438,RUNNING,process_name=P5,remaining_time=85
441,RUNNING,process_name=P12,remaining_time=79
444,RUNNING,process_name=P13,remaining_time=26
447,RUNNING,process_name=P10,remaining_time=68
450,RUNNING,process_name=P3,remaining_time=57
453,RUNNING,process_name=P7,remaining_time=102
456,RUNNING,process_name=P4,remaining_time=41
459,RUNNING,process_name=P1,remaining_time=90
462,RUNNING,process_name=P11,remaining_time=23
465,RUNNING,process_name=P8,remaining_time=108
468,RUNNING,process_name=P5,remaining_time=82
471,RUNNING,process_name=P12,remaining_time=76
474,RUNNING,process_name=P13,remaining_time=23
477,RUNNING,process_name=P10,remaining_time=65
480,RUNNING,process_name=P3,remaining_time=54
483,RUNNING,process_name=P7,remaining_time=99
486,RUNNING,process_name=P4,remaining_time=38
489,RUNNING,process_name=P1,remaining_time=87
492,RUNNING,process_name=P11,remaining_time=20
495,RUNNING,process_name=P8,remaining_time=105
498,RUNNING,process_name=P5,remaining_time=79
501,RUNNING,process_name=P12,remaining_time=73
504,RUNNING,process_name=P13,remaining_time=20
507,RUNNING,process_name=P10,remaining_time=62
510,RUNNING,process_name=P3,remaining_time=51
513,RUNNING,process_name=P7,remaining_time=96
516,RUNNING,process_name=P4,remaining_time=35
519,RUNNING,process_name=P1,remaining_time=84
522,RUNNING,process_name=P11,remaining_time=17
525,RUNNING,process_name=P8,remaining_time=102
528,RUNNING,process_name=P5,remaining_time=76
531,RUNNING,process_name=P12,remaining_time=70
534,RUNNING,process_name=P13,remaining_time=17
537,RUNNING,process_name=P10,remaining_time=59
540,RUNNING,process_name=P3,remaining_time=48
543,RUNNING,process_name=P7,remaining_time=93
546,RUNNING,process_name=P4,remaining_time=32
549,RUNNING,process_name=P1,remaining_time=81
552,RUNNING,process_name=P11,remaining_time=14
555,RUNNING,process_name=P8,remaining_time=99
558,RUNNING,process_name=P5,remaining_time=73
561,RUNNING,process_name=P12,remaining_time=67
564,RUNNING,process_name=P13,remaining_time=14
567,RUNNING,process_name=P10,remaining_time=56
570,RUNNING,process_name=P3,remaining_time=45
573,RUNNING,process_name=P7,remaining_time=90
576,RUNNING,process_name=P4,remaining_time=29
579,RUNNING,process_name=P1,remaining_time=78
582,RUNNING,process_name=P11,remaining_time=11
585,RUNNING,process_name=P8,remaining_time=96
588,RUNNING,process_name=P5,remaining_time=70
591,RUNNING,process_name=P12,remaining_time=64
594,RUNNING,process_name=P13,remaining_time=11
597,RUNNING,process_name=P10,remaining_time=53
600,RUNNING,process_name=P3,remaining_time=42
603,RUNNING,process_name=P7,remaining_time=87
606,RUNNING,process_name=P4,remaining_time=26
609,RUNNING,process_name=P1,remaining_time=75
612,RUNNING,process_name=P11,remaining_time=8
615,RUNNING,process_name=P8,remaining_time=93
618,RUNNING,process_name=P5,remaining_time=67
621,RUNNING,process_name=P12,remaining_time=61
624,RUNNING,process_name=P13,remaining_time=8
627,RUNNING,process_name=P10,remaining_time=50
630,RUNNING,process_name=P3,remaining_time=39
633,RUNNING,process_name=P7,remaining_time=84
636,RUNNING,process_name=P4,remaining_time=23
639,RUNNING,process_name=P1,remaining_time=72
642,RUNNING,process_name=P11,remaining_time=5
645,RUNNING,process_name=P8,remaining_time=90
648,RUNNING,process_name=P5,remaining_time=64
651,RUNNING,process_name=P12,remaining_time=58
654,RUNNING,process_name=P13,remaining_time=5
657,RUNNING,process_name=P10,remaining_time=47
660,RUNNING,process_name=P3,remaining_time=36
663,RUNNING,process_name=P7,remaining_time=81
666,RUNNING,process_name=P4,remaining_time=20
669,RUNNING,process_name=P1,remaining_time=69
672,RUNNING,process_name=P11,remaining_time=2
675,FINISHED,process_name=P11,proc_remaining=10
675,FINISHED-PROCESS,process_name=P11,sha=416a83fb2031d6be9e9c86a093bb424d9cb5f4c1a1827eaf50a9cf58237a617a
675,RUNNING,process_name=P8,remaining_time=87
678,RUNNING,process_name=P5,remaining_time=61
681,RUNNING,process_name=P12,remaining_time=55
684,RUNNING,process_name=P13,remaining_time=2
687,FINISHED,process_name=P13,proc_remaining=9
687,FINISHED-PROCESS,process_name=P13,sha=243ce72733d82802231f81b708bf86a5b1468888742d39d9714c9f99137fcc22
687,RUNNING,process_name=P10,remaining_time=44
690,RUNNING,process_name=P3,remaining_time=33
693,RUNNING,process_name=P7,remaining_time=78
696,RUNNING,process_name=P4,remaining_time=17
699,RUNNING,process_name=P1,remaining_time=66
702,RUNNING,process_name=P8,remaining_time=84
705,RUNNING,process_name=P5,remaining_time=58
708,RUNNING,process_name=P12,remaining_time=52
711,RUNNING,process_name=P10,remaining_time=41
714,RUNNING,process_name=P3,remaining_time=30
717,RUNNING,process_name=P7,remaining_time=75
720,RUNNING,process_name=P4,remaining_time=14
723,RUNNING,process_name=P1,remaining_time=63
726,RUNNING,process_name=P8,remaining_time=81
729,RUNNING,process_name=P5,remaining_time=55
732,RUNNING,process_name=P12,remaining_time=49
735,RUNNING,process_name=P10,remaining_time=38
738,RUNNING,process_name=P3,remaining_time=27
741,RUNNING,process_name=P7,remaining_time=72
744,RUNNING,process_name=P4,remaining_time=11
747,RUNNING,process_name=P1,remaining_time=60
750,RUNNING,process_name=P8,remaining_time=78
753,RUNNING,process_name=P5,remaining_time=52
756,RUNNING,process_name=P12,remaining_time=46
759,RUNNING,process_name=P10,remaining_time=35
762,RUNNING,process_name=P3,remaining_time=24
765,RUNNING,process_name=P7,remaining_time=69
768,RUNNING,process_name=P4,remaining_time=8
771,RUNNING,process_name=P1,remaining_time=57
774,RUNNING,process_name=P8,remaining_time=75
777,RUNNING,process_name=P5,remaining_time=49
780,RUNNING,process_name=P12,remaining_time=43
783,RUNNING,process_name=P10,remaining_time=32
786,RUNNING,process_name=P3,remaining_time=21
789,RUNNING,process_name=P7,remaining_time=66
792,RUNNING,process_name=P4,remaining_time=5
795,RUNNING,process_name=P1,remaining_time=54
798,RUNNING,process_name=P8,remaining_time=72
801,RUNNING,process_name=P5,remaining_time=46
804,RUNNING,process_name=P12,remaining_time=40
807,RUNNING,process_name=P10,remaining_time=29
810,RUNNING,process_name=P3,remaining_time=18
813,RUNNING,process_name=P7,remaining_time=63
816,RUNNING,process_name=P4,remaining_time=2
819,FINISHED,process_name=P4,proc_remaining=8
819,FINISHED-PROCESS,process_name=P4,sha=0eb57ec9ef6e4a6d67b2bff17878cddacb6ce16a4de6985398a5293850c34c3c
819,RUNNING,process_name=P1,remaining_time=51
822,RUNNING,process_name=P8,remaining_time=69
825,RUNNING,process_name=P5,remaining_time=43
828,RUNNING,process_name=P12,remaining_time=37
831,RUNNING,process_name=P10,remaining_time=26
834,RUNNING,process_name=P3,remaining_time=15
837,RUNNING,process_name=P7,remaining_time=60
840,RUNNING,process_name=P1,remaining_time=48
843,RUNNING,process_name=P8,remaining_time=66
846,RUNNING,process_name=P5,remaining_time=40
849,RUNNING,process_name=P12,remaining_time=34
852,RUNNING,process_name=P10,remaining_time=23
855,RUNNING,process_name=P3,remaining_time=12
858,RUNNING,process_name=P7,remaining_time=57
861,RUNNING,process_name=P1,remaining_time=45
864,RUNNING,process_name=P8,remaining_time=63
867,RUNNING,process_name=P5,remaining_time=37
870,RUNNING,process_name=P12,remaining_time=31
873,RUNNING,process_name=P10,remaining_time=20
876,RUNNING,process_name=P3,remaining_time=9
879,RUNNING,process_name=P7,remaining_time=54
882,RUNNING,process_name=P1,remaining_time=42
885,RUNNING,process_name=P8,remaining_time=60
888,RUNNING,process_name=P5,remaining_time=34
891,RUNNING,process_name=P12,remaining_time=28
894,RUNNING,process_name=P10,remaining_time=17
897,RUNNING,process_name=P3,remaining_time=6
900,RUNNING,process_name=P7,remaining_time=51
903,RUNNING,process_name=P1,remaining_time=39
906,RUNNING,process_name=P8,remaining_time=57
909,RUNNING,process_name=P5,remaining_time=31
912,RUNNING,process_name=P12,remaining_time=25
915,RUNNING,process_name=P10,remaining_time=14
918,RUNNING,process_name=P3,remaining_time=3
921,FINISHED,process_name=P3,proc_remaining=7
921,FINISHED-PROCESS,process_name=P3,sha=312f2ca62765ffe99be38185ca396b8338a2712a6afe7c42de902a1922d4e549
921,RUNNING,process_name=P7,remaining_time=48
924,RUNNING,process_name=P1,remaining_time=36
927,RUNNING,process_name=P8,remaining_time=54
930,RUNNING,process_name=P5,remaining_time=28
933,RUNNING,process_name=P12,remaining_time=22
936,RUNNING,process_name=P10,remaining_time=11
939,RUNNING,process_name=P7,remaining_time=45
942,RUNNING,process_name=P1,remaining_time=33
945,RUNNING,process_name=P8,remaining_time=51
948,RUNNING,process_name=P5,remaining_time=25
951,RUNNING,process_name=P12,remaining_time=19
954,RUNNING,process_name=P10,remaining_time=8
957,RUNNING,process_name=P7,remaining_time=42
960,RUNNING,process_name=P1,remaining_time=30
963,RUNNING,process_name=P8,remaining_time=48
966,RUNNING,process_name=P5,remaining_time=22
969,RUNNING,process_name=P12,remaining_time=16
972,RUNNING,process_name=P10,remaining_time=5
975,RUNNING,process_name=P7,remaining_time=39
978,RUNNING,process_name=P1,remaining_time=27
981,RUNNING,process_name=P8,remaining_time=45
984,RUNNING,process_name=P5,remaining_time=19
987,RUNNING,process_name=P12,remaining_time=13
990,RUNNING,process_name=P10,remaining_time=2
993,FINISHED,process_name=P10,proc_remaining=6
993,FINISHED-PROCESS,process_name=P10,sha=c444b198956e3b19a04c68331dcc2eb49155d53aa491c6c5b7c138a5f020160b
993,RUNNING,process_name=P7,remaining_time=36
996,RUNNING,process_name=P1,remaining_time=24
999,RUNNING,process_name=P8,remaining_time=42
1002,RUNNING,process_name=P5,remaining_time=16
1005,RUNNING,process_name=P12,remaining_time=10
1008,RUNNING,process_name=P7,remaining_time=33
1011,RUNNING,process_name=P1,remaining_time=21
1014,RUNNING,process_name=P8,remaining_time=39
1017,RUNNING,process_name=P5,remaining_time=13
1020,RUNNING,process_name=P12,remaining_time=7
1023,RUNNING,process_name=P7,remaining_time=30
1026,RUNNING,process_name=P1,remaining_time=18
1029,RUNNING,process_name=P8,remaining_time=36
1032,RUNNING,process_name=P5,remaining_time=10
1035,RUNNING,process_name=P12,remaining_time=4
1038,RUNNING,process_name=P7,remaining_time=27
1041,RUNNING,process_name=P1,remaining_time=15
1044,RUNNING,process_name=P8,remaining_time=33
1047,RUNNING,process_name=P5,remaining_time=7
1050,RUNNING,process_name=P12,remaining_time=1
1053,FINISHED,process_name=P12,proc_remaining=5
1053,FINISHED-PROCESS,process_name=P12,sha=0680dfa9fda7cd902c8306f8cf304d45e12be85aee58d145acf1460014575652
1053,RUNNING,process_name=P7,remaining_time=24
1056,RUNNING,process_name=P1,remaining_time=12
1059,RUNNING,process_name=P8,remaining_time=30
1062,RUNNING,process_name=P5,remaining_time=4
1065,RUNNING,process_name=P7,remaining_time=21
1068,RUNNING,process_name=P1,remaining_time=9
1071,RUNNING,process_name=P8,remaining_time=27
1074,RUNNING,process_name=P5,remaining_time=1
1077,FINISHED,process_name=P5,proc_remaining=4
1077,FINISHED-PROCESS,process_name=P5,sha=0d1fa333dd7aa0f0cc45f1a48a30bd893b090cb740fec2652bff3c1725e166d9
1077,RUNNING,process_name=P7,remaining_time=18
1080,RUNNING,process_name=P1,remaining_time=6
1083,RUNNING,process_name=P8,remaining_time=24
1086,RUNNING,process_name=P7,remaining_time=15
1089,RUNNING,process_name=P1,remaining_time=3
1092,FINISHED,process_name=P1,proc_remaining=3
1092,FINISHED-PROCESS,process_name=P1,sha=fe880ee4b3367508867cd5bf2ef9b5e3d6cff39b599ce028db5c08205afd1b30
1092,RUNNING,process_name=P8,remaining_time=21
1095,RUNNING,process_name=P7,remaining_time=12
1098,RUNNING,process_name=P8,remaining_time=18
1101,RUNNING,process_name=P7,remaining_time=9
1104,RUNNING,process_name=P8,remaining_time=15
1107,RUNNING,process_name=P7,remaining_time=6
1110,RUNNING,process_name=P8,remaining_time=12
1113,RUNNING,process_name=P7,remaining_time=3
1116,FINISHED,process_name=P7,proc_remaining=2
1116,FINISHED-PROCESS,process_name=P7,sha=3cb26c14fd2c8ce6aa8a1309a2a98bd5ee68bf9fc0fd7a6bdd2f7b492e9d936c
1116,RUNNING,process_name=P8,remaining_time=9
1125,FINISHED,process_name=P8,proc_remaining=1
1125,FINISHED-PROCESS,process_name=P8,sha=3c57fec932a99bcd29d25408234f35b919ffc02c392d79ceddb9649682303c7c
1125,READY,process_name=P6,assigned_at=0
1125,RUNNING,process_name=P6,remaining_time=115
1242,FINISHED,process_name=P6,proc_remaining=0
1242,FINISHED-PROCESS,process_name=P6,sha=ccd4028ab04fd6883917a654090b3c71babcce0817f33bd66e1fc4c02060c5dc
Turnaround time 705
Time overhead 15.00 9.06
Makespan 1242
