0,RUNNING,process_name=P1,remaining_time=10
12,FINISHED,process_name=P1,proc_remaining=1
12,FINISHED-PROCESS,process_name=P1,sha=52056107c42457124acbb727355cca35339dfc3de16d57b65c5e36ada6744332
12,RUNNING,process_name=P3,remaining_time=17
30,FINISHED,process_name=P3,proc_remaining=4
30,FINISHED-PROCESS,process_name=P3,sha=da634c8ac70a2490481eb295a7ff82c3ffb532163cb4f09daf4a0ce04e5c2b99
30,RUNNING,process_name=P5,remaining_time=5
36,FINISHED,process_name=P5,proc_remaining=4
36,FINISHED-PROCESS,process_name=P5,sha=daa3f1cca745470ac04ff614e8796adccdcff2d8b6dec527d6c49f76ff16726d
36,RUNNING,process_name=P6,remaining_time=6
42,FINISHED,process_name=P6,proc_remaining=3
42,FINISHED-PROCESS,process_name=P6,sha=483c8430bd12c874af3cb962a1ffacd0310383bfbda16603a020438c1a12e9a7
42,RUNNING,process_name=P7,remaining_time=11
54,FINISHED,process_name=P7,proc_remaining=3
54,FINISHED-PROCESS,process_name=P7,sha=8c441fd7e1db16de1f4ac10bae22e8892ddb00e18c49319285a1d58ba5e0ae0b
54,RUNNING,process_name=P4,remaining_time=13
69,FINISHED,process_name=P4,proc_remaining=6
69,FINISHED-PROCESS,process_name=P4,sha=d3e8166598bd8ae7613f6570cd8afc6ed05b0177cd794a0cf62252ba6ae9e4ca
69,RUNNING,process_name=P9,remaining_time=3
72,FINISHED,process_name=P9,proc_remaining=7
72,FINISHED-PROCESS,process_name=P9,sha=b4f6f14bece79531ab9a47c80a1ee1b34b36b1b68390d6f718ddfcb35d7985dd
72,RUNNING,process_name=P14,remaining_time=4
78,FINISHED,process_name=P14,proc_remaining=6
78,FINISHED-PROCESS,process_name=P14,sha=7a49c2182869b32a6b0ccfba4ae89b4a7c9ff208df2c9daa87a0c09639b4df7c
78,RUNNING,process_name=P12,remaining_time=7
87,FINISHED,process_name=P12,proc_remaining=5
87,FINISHED-PROCESS,process_name=P12,sha=605cbb6cf17cec4d8d1a0b9725e53f8a9b14aa3685d6f895b1a8132ebce0861a
87,RUNNING,process_name=P15,remaining_time=2
90,FINISHED,process_name=P15,proc_remaining=5
90,FINISHED-PROCESS,process_name=P15,sha=dc35002acc0e43de2dd8e91aad6be7ccbaaafbf0f035482e9a6f9ef864577dd5
90,RUNNING,process_name=P10,remaining_time=9
99,FINISHED,process_name=P10,proc_remaining=8
99,FINISHED-PROCESS,process_name=P10,sha=a6671d5f2f6d4203c4f826a29bdfa0117e2378bf5d3d90a4aa3e62105c637d8c
99,RUNNING,process_name=P19,remaining_time=8
108,FINISHED,process_name=P19,proc_remaining=8
108,FINISHED-PROCESS,process_name=P19,sha=26e7ba067e9c1acf71272088e286c7cbc75df56495c4d4ebc4396f14fd3c34a0
108,RUNNING,process_name=P17,remaining_time=12
120,FINISHED,process_name=P17,proc_remaining=7
120,FINISHED-PROCESS,process_name=P17,sha=a879a28104a9dd00efa37f59beaee903a4e8fd0e36aa28da2ed8df70eecf49c4
120,RUNNING,process_name=P16,remaining_time=14
135,FINISHED,process_name=P16,proc_remaining=6
135,FINISHED-PROCESS,process_name=P16,sha=5bfacbc942eb789c6b3b067a3351906ec863c1b251c2282eab5251783791edf4
135,RUNNING,process_name=P8,remaining_time=15
150,FINISHED,process_name=P8,proc_remaining=5
150,FINISHED-PROCESS,process_name=P8,sha=af0d1004bebfc480a0ad35c4547d4da63c32be06677508b3d28994cd3936659d
150,RUNNING,process_name=P11,remaining_time=16
168,FINISHED,process_name=P11,proc_remaining=4
168,FINISHED-PROCESS,process_name=P11,sha=9517543a3a4503e12826edbb0ee66e653e396506491116e47940777fdb17dd59
168,RUNNING,process_name=P18,remaining_time=18
186,FINISHED,process_name=P18,proc_remaining=3
186,FINISHED-PROCESS,process_name=P18,sha=7e8466a324687ea847336a5490bd51fb75756fba3691320997971548892c11fc
186,RUNNING,process_name=P2,remaining_time=20
207,FINISHED,process_name=P2,proc_remaining=2
207,FINISHED-PROCESS,process_name=P2,sha=f737a17de38442bce6159c9c077e3d877f1ac76648f2d7dcc57b87b479ef5e7b
207,RUNNING,process_name=P13,remaining_time=21
228,FINISHED,process_name=P13,proc_remaining=1
228,FINISHED-PROCESS,process_name=P13,sha=fd3d74bd166510d8f9cf8962cb8242df0d11e467e3e57255813f2aee27040192
228,RUNNING,process_name=P20,remaining_time=330
558,FINISHED,process_name=P20,proc_remaining=0
558,FINISHED-PROCESS,process_name=P20,sha=00c5226f4daeb12cc6b62eb9a71b9c84c17ffdf8e6bbbd4b1747a935807671bb
Turnaround time 73
Time overhead 10.10 3.85
Makespan 558
