0,RUNNING,process_name=P0,remaining_time=100
102,FINISHED,process_name=P0,proc_remaining=9
102,FINISHED-PROCESS,process_name=P0,sha=137fec7dc805c30e16486fe1aebabeeffc5eb5a4e2d5cce4f2ecc422f15b2c86
102,RUNNING,process_name=P7,remaining_time=1
105,FINISHED,process_name=P7,proc_remaining=8
105,FINISHED-PROCESS,process_name=P7,sha=40fa8b458e6dc862e8a791f71ccd232624ab32c37db6f475e9ce816faf644465
105,RUNNING,process_name=P8,remaining_time=2
108,FINISHED,process_name=P8,proc_remaining=7
108,FINISHED-PROCESS,process_name=P8,sha=b8b43cdb30ffb03df3a021bef8cc503e4a80b44e7dd9e3ce944f294c13e7beff
108,RUNNING,process_name=P3,remaining_time=3
111,FINISHED,process_name=P3,proc_remaining=6
111,FINISHED-PROCESS,process_name=P3,sha=c6ff0497333bfe6dfa6106bcc0906da851ae7fdee510f95cbab44cd5e4dd22ba
111,RUNNING,process_name=P2,remaining_time=5
117,FINISHED,process_name=P2,proc_remaining=5
117,FINISHED-PROCESS,process_name=P2,sha=1f7003a5fcb2f9df23e74ed89d225fba1a68b99320a8cbe4538b1858b3369ee0
117,RUNNING,process_name=P1,remaining_time=10
129,FINISHED,process_name=P1,proc_remaining=4
129,FINISHED-PROCESS,process_name=P1,sha=4d8704f099b79146d9b6e0b80b48756509d6aaf0b3058face067b1cd3a28c053
129,RUNNING,process_name=P9,remaining_time=13
144,FINISHED,process_name=P9,proc_remaining=3
144,FINISHED-PROCESS,process_name=P9,sha=f6be4049f713a7f807f1197d79aa8e49ec04bfe6379e63907325522c257dc3ad
144,RUNNING,process_name=P4,remaining_time=20
165,FINISHED,process_name=P4,proc_remaining=2
165,FINISHED-PROCESS,process_name=P4,sha=a9319d7161c042a6f7bb870c188700d3410397badc8787dae811e76046731379
165,RUNNING,process_name=P5,remaining_time=25
192,FINISHED,process_name=P5,proc_remaining=1
192,FINISHED-PROCESS,process_name=P5,sha=470a6ac59b1a27e7d1bc321ef5e55b8f86a1901d7f0e605bd9b1f7e3cc569a72
192,RUNNING,process_name=P6,remaining_time=30
222,FINISHED,process_name=P6,proc_remaining=0
222,FINISHED-PROCESS,process_name=P6,sha=e21dd3574b825c82e880d4ea6d4a160063d7d5c549e49dd9acb52b900753e2ef
Turnaround time 124
Time overhead 80.00 21.87
Makespan 222
