0,RUNNING,process_name=P1,remaining_time=113
3,RUNNING,process_name=P2,remaining_time=19
6,RUNNING,process_name=P3,remaining_time=91
9,RUNNING,process_name=P4,remaining_time=73
12,RUNNING,process_name=P5,remaining_time=12
15,RUNNING,process_name=P6,remaining_time=48
18,RUNNING,process_name=P7,remaining_time=64
21,RUNNING,process_name=P8,remaining_time=64
24,RUNNING,process_name=P9,remaining_time=13
27,RUNNING,process_name=P1,remaining_time=110
30,RUNNING,process_name=P2,remaining_time=16
33,RUNNING,process_name=P3,remaining_time=88
36,RUNNING,process_name=P10,remaining_time=194
39,RUNNING,process_name=P11,remaining_time=14
42,RUNNING,process_name=P12,remaining_time=19
45,RUNNING,process_name=P13,remaining_time=17
48,RUNNING,process_name=P14,remaining_time=3
51,FINISHED,process_name=P14,proc_remaining=14
51,FINISHED-PROCESS,process_name=P14,sha=48cd2635a5a29795a2f52869667b27dc53084c25cc421db4637d809748197bff
51,RUNNING,process_name=P15,remaining_time=9
54,RUNNING,process_name=P4,remaining_time=70
57,RUNNING,process_name=P5,remaining_time=9
60,RUNNING,process_name=P6,remaining_time=45
63,RUNNING,process_name=P7,remaining_time=61
66,RUNNING,process_name=P8,remaining_time=61
69,RUNNING,process_name=P9,remaining_time=10
72,RUNNING,process_name=P1,remaining_time=107
75,RUNNING,process_name=P2,remaining_time=13
78,RUNNING,process_name=P3,remaining_time=85
81,RUNNING,process_name=P10,remaining_time=191
84,RUNNING,process_name=P11,remaining_time=11
87,RUNNING,process_name=P12,remaining_time=16
90,RUNNING,process_name=P13,remaining_time=14
93,RUNNING,process_name=P15,remaining_time=6
96,RUNNING,process_name=P4,remaining_time=67
99,RUNNING,process_name=P5,remaining_time=6
102,RUNNING,process_name=P6,remaining_time=42
105,RUNNING,process_name=P7,remaining_time=58
108,RUNNING,process_name=P8,remaining_time=58
111,RUNNING,process_name=P9,remaining_time=7
114,RUNNING,process_name=P1,remaining_time=104
117,RUNNING,process_name=P2,remaining_time=10
120,RUNNING,process_name=P3,remaining_time=82
123,RUNNING,process_name=P10,remaining_time=188
126,RUNNING,process_name=P11,remaining_time=8
129,RUNNING,process_name=P12,remaining_time=13
132,RUNNING,process_name=P13,remaining_time=11
135,RUNNING,process_name=P15,remaining_time=3
138,FINISHED,process_name=P15,proc_remaining=13
138,FINISHED-PROCESS,process_name=P15,sha=af147315f712f863e6590cfee757b7d758100468fecbae32a83c3fc5dced1d66
138,RUNNING,process_name=P4,remaining_time=64
141,RUNNING,process_name=P5,remaining_time=3
144,FINISHED,process_name=P5,proc_remaining=12
144,FINISHED-PROCESS,process_name=P5,sha=a2e36abf87f1198e34055f8fcda4624e46b966a98d6a270fda7e94066d22981c
144,RUNNING,process_name=P6,remaining_time=39
147,RUNNING,process_name=P7,remaining_time=55
150,RUNNING,process_name=P8,remaining_time=55
153,RUNNING,process_name=P9,remaining_time=4
156,RUNNING,process_name=P1,remaining_time=101
159,RUNNING,process_name=P2,remaining_time=7
162,RUNNING,process_name=P3,remaining_time=79
165,RUNNING,process_name=P10,remaining_time=185
168,RUNNING,process_name=P11,remaining_time=5
171,RUNNING,process_name=P12,remaining_time=10
174,RUNNING,process_name=P13,remaining_time=8
177,RUNNING,process_name=P4,remaining_time=61
180,RUNNING,process_name=P6,remaining_time=36
183,RUNNING,process_name=P7,remaining_time=52
186,RUNNING,process_name=P8,remaining_time=52
189,RUNNING,process_name=P9,remaining_time=1
192,FINISHED,process_name=P9,proc_remaining=11
192,FINISHED-PROCESS,process_name=P9,sha=62d3b23be4cf8af9fd749a97f490ce1192c3f97b55c830669687c3f5499516bd
192,RUNNING,process_name=P1,remaining_time=98
195,RUNNING,process_name=P2,remaining_time=4
198,RUNNING,process_name=P3,remaining_time=76
201,RUNNING,process_name=P10,remaining_time=182
204,RUNNING,process_name=P11,remaining_time=2
207,FINISHED,process_name=P11,proc_remaining=10
207,FINISHED-PROCESS,process_name=P11,sha=778d052571da7d54b80c5c33abe87b94dcbe46ac1301ccbd8a1f6273773c1bb5
207,RUNNING,process_name=P12,remaining_time=7
210,RUNNING,process_name=P13,remaining_time=5
213,RUNNING,process_name=P4,remaining_time=58
216,RUNNING,process_name=P6,remaining_time=33
219,RUNNING,process_name=P7,remaining_time=49
222,RUNNING,process_name=P8,remaining_time=49
225,RUNNING,process_name=P1,remaining_time=95
228,RUNNING,process_name=P2,remaining_time=1
231,FINISHED,process_name=P2,proc_remaining=9
231,FINISHED-PROCESS,process_name=P2,sha=25a26f8010d462b4e9ec2788c82103972678c9757d2f3c54d6f7757c583dd265
231,RUNNING,process_name=P3,remaining_time=73
234,RUNNING,process_name=P10,remaining_time=179
237,RUNNING,process_name=P12,remaining_time=4
240,RUNNING,process_name=P13,remaining_time=2
243,FINISHED,process_name=P13,proc_remaining=8
243,FINISHED-PROCESS,process_name=P13,sha=efb1deece9b63262a72ab3e3533d6442cf7b4abe853c80cf540563abc0329318
243,RUNNING,process_name=P4,remaining_time=55
246,RUNNING,process_name=P6,remaining_time=30
249,RUNNING,process_name=P7,remaining_time=46
252,RUNNING,process_name=P8,remaining_time=46
255,RUNNING,process_name=P1,remaining_time=92
258,RUNNING,process_name=P3,remaining_time=70
261,RUNNING,process_name=P10,remaining_time=176
264,RUNNING,process_name=P12,remaining_time=1
267,FINISHED,process_name=P12,proc_remaining=7
267,FINISHED-PROCESS,process_name=P12,sha=eb1eee85abdeea8a03fc0370864473756cc13ee82255c97d013b2f13f7c599ef
267,RUNNING,process_name=P4,remaining_time=52
270,RUNNING,process_name=P6,remaining_time=27
273,RUNNING,process_name=P7,remaining_time=43
276,RUNNING,process_name=P8,remaining_time=43
279,RUNNING,process_name=P1,remaining_time=89
282,RUNNING,process_name=P3,remaining_time=67
285,RUNNING,process_name=P10,remaining_time=173
288,RUNNING,process_name=P4,remaining_time=49
291,RUNNING,process_name=P6,remaining_time=24
294,RUNNING,process_name=P7,remaining_time=40
297,RUNNING,process_name=P8,remaining_time=40
300,RUNNING,process_name=P1,remaining_time=86
303,RUNNING,process_name=P3,remaining_time=64
306,RUNNING,process_name=P10,remaining_time=170
309,RUNNING,process_name=P4,remaining_time=46
312,RUNNING,process_name=P6,remaining_time=21
315,RUNNING,process_name=P7,remaining_time=37
318,RUNNING,process_name=P8,remaining_time=37
321,RUNNING,process_name=P1,remaining_time=83
324,RUNNING,process_name=P3,remaining_time=61
327,RUNNING,process_name=P10,remaining_time=167
330,RUNNING,process_name=P4,remaining_time=43
333,RUNNING,process_name=P6,remaining_time=18
336,RUNNING,process_name=P7,remaining_time=34
339,RUNNING,process_name=P8,remaining_time=34
342,RUNNING,process_name=P1,remaining_time=80
345,RUNNING,process_name=P3,remaining_time=58
348,RUNNING,process_name=P10,remaining_time=164
351,RUNNING,process_name=P4,remaining_time=40
354,RUNNING,process_name=P6,remaining_time=15
357,RUNNING,process_name=P7,remaining_time=31
360,RUNNING,process_name=P8,remaining_time=31
363,RUNNING,process_name=P1,remaining_time=77
366,RUNNING,process_name=P3,remaining_time=55
369,RUNNING,process_name=P10,remaining_time=161
372,RUNNING,process_name=P4,remaining_time=37
375,RUNNING,process_name=P6,remaining_time=12
378,RUNNING,process_name=P7,remaining_time=28
381,RUNNING,process_name=P8,remaining_time=28
384,RUNNING,process_name=P1,remaining_time=74
387,RUNNING,process_name=P3,remaining_time=52
390,RUNNING,process_name=P10,remaining_time=158
393,RUNNING,process_name=P4,remaining_time=34
396,RUNNING,process_name=P6,remaining_time=9
399,RUNNING,process_name=P7,remaining_time=25
402,RUNNING,process_name=P8,remaining_time=25
405,RUNNING,process_name=P1,remaining_time=71
408,RUNNING,process_name=P3,remaining_time=49
411,RUNNING,process_name=P10,remaining_time=155
414,RUNNING,process_name=P4,remaining_time=31
417,RUNNING,process_name=P6,remaining_time=6
420,RUNNING,process_name=P7,remaining_time=22
423,RUNNING,process_name=P8,remaining_time=22
426,RUNNING,process_name=P1,remaining_time=68
429,RUNNING,process_name=P3,remaining_time=46
432,RUNNING,process_name=P10,remaining_time=152
435,RUNNING,process_name=P4,remaining_time=28
438,RUNNING,process_name=P6,remaining_time=3
441,FINISHED,process_name=P6,proc_remaining=6
441,FINISHED-PROCESS,process_name=P6,sha=964f871ce8b82f37a04a1e8a01f1d77e766a9df04a9ab7ae5837ce5da6f6c774
441,RUNNING,process_name=P7,remaining_time=19
444,RUNNING,process_name=P8,remaining_time=19
447,RUNNING,process_name=P1,remaining_time=65
450,RUNNING,process_name=P3,remaining_time=43
453,RUNNING,process_name=P10,remaining_time=149
456,RUNNING,process_name=P4,remaining_time=25
459,RUNNING,process_name=P7,remaining_time=16
462,RUNNING,process_name=P8,remaining_time=16
465,RUNNING,process_name=P1,remaining_time=62
468,RUNNING,process_name=P3,remaining_time=40
471,RUNNING,process_name=P10,remaining_time=146
474,RUNNING,process_name=P4,remaining_time=22
477,RUNNING,process_name=P7,remaining_time=13
480,RUNNING,process_name=P8,remaining_time=13
483,RUNNING,process_name=P1,remaining_time=59
486,RUNNING,process_name=P3,remaining_time=37
489,RUNNING,process_name=P10,remaining_time=143
492,RUNNING,process_name=P4,remaining_time=19
495,RUNNING,process_name=P7,remaining_time=10
498,RUNNING,process_name=P8,remaining_time=10
501,RUNNING,process_name=P1,remaining_time=56
504,RUNNING,process_name=P3,remaining_time=34
507,RUNNING,process_name=P10,remaining_time=140
510,RUNNING,process_name=P4,remaining_time=16
513,RUNNING,process_name=P7,remaining_time=7
516,RUNNING,process_name=P16,remaining_time=23
519,RUNNING,process_name=P17,remaining_time=23
522,RUNNING,process_name=P8,remaining_time=7
525,RUNNING,process_name=P18,remaining_time=29
528,RUNNING,process_name=P19,remaining_time=31
531,RUNNING,process_name=P20,remaining_time=31
534,RUNNING,process_name=P1,remaining_time=53
537,RUNNING,process_name=P3,remaining_time=31
540,RUNNING,process_name=P10,remaining_time=137
543,RUNNING,process_name=P4,remaining_time=13
546,RUNNING,process_name=P7,remaining_time=4
549,RUNNING,process_name=P16,remaining_time=20
552,RUNNING,process_name=P17,remaining_time=20
555,RUNNING,process_name=P8,remaining_time=4
558,RUNNING,process_name=P18,remaining_time=26
561,RUNNING,process_name=P19,remaining_time=28
564,RUNNING,process_name=P20,remaining_time=28
567,RUNNING,process_name=P1,remaining_time=50
570,RUNNING,process_name=P3,remaining_time=28
573,RUNNING,process_name=P10,remaining_time=134
576,RUNNING,process_name=P4,remaining_time=10
579,RUNNING,process_name=P7,remaining_time=1
582,FINISHED,process_name=P7,proc_remaining=10
582,FINISHED-PROCESS,process_name=P7,sha=5c810df3bf58f5ace2c1660ce25fee70c36a7c9a27dbb5f0f56e85fca5b45a77
582,RUNNING,process_name=P16,remaining_time=17
585,RUNNING,process_name=P17,remaining_time=17
588,RUNNING,process_name=P8,remaining_time=1
591,FINISHED,process_name=P8,proc_remaining=9
591,FINISHED-PROCESS,process_name=P8,sha=0fc9f6a5e52a814eebe1b4a1c1b863ab96a5a4ae5eb125619d698a9e427fe084
591,RUNNING,process_name=P18,remaining_time=23
594,RUNNING,process_name=P19,remaining_time=25
597,RUNNING,process_name=P20,remaining_time=25
600,RUNNING,process_name=P1,remaining_time=47
603,RUNNING,process_name=P3,remaining_time=25
606,RUNNING,process_name=P10,remaining_time=131
609,RUNNING,process_name=P4,remaining_time=7
612,RUNNING,process_name=P16,remaining_time=14
615,RUNNING,process_name=P17,remaining_time=14
618,RUNNING,process_name=P18,remaining_time=20
621,RUNNING,process_name=P19,remaining_time=22
624,RUNNING,process_name=P20,remaining_time=22
627,RUNNING,process_name=P1,remaining_time=44
630,RUNNING,process_name=P3,remaining_time=22
633,RUNNING,process_name=P10,remaining_time=128
636,RUNNING,process_name=P4,remaining_time=4
639,RUNNING,process_name=P16,remaining_time=11
642,RUNNING,process_name=P17,remaining_time=11
645,RUNNING,process_name=P18,remaining_time=17
648,RUNNING,process_name=P19,remaining_time=19
651,RUNNING,process_name=P20,remaining_time=19
654,RUNNING,process_name=P1,remaining_time=41
657,RUNNING,process_name=P3,remaining_time=19
660,RUNNING,process_name=P10,remaining_time=125
663,RUNNING,process_name=P4,remaining_time=1
666,FINISHED,process_name=P4,proc_remaining=8
666,FINISHED-PROCESS,process_name=P4,sha=6a53717a9130fc2815c50524f4714ba4d709fa514af80d41a08fe9a5a0caf271
666,RUNNING,process_name=P16,remaining_time=8
669,RUNNING,process_name=P17,remaining_time=8
672,RUNNING,process_name=P18,remaining_time=14
675,RUNNING,process_name=P19,remaining_time=16
678,RUNNING,process_name=P20,remaining_time=16
681,RUNNING,process_name=P1,remaining_time=38
684,RUNNING,process_name=P3,remaining_time=16
687,RUNNING,process_name=P10,remaining_time=122
690,RUNNING,process_name=P16,remaining_time=5
693,RUNNING,process_name=P17,remaining_time=5
696,RUNNING,process_name=P18,remaining_time=11
699,RUNNING,process_name=P19,remaining_time=13
702,RUNNING,process_name=P20,remaining_time=13
705,RUNNING,process_name=P1,remaining_time=35
708,RUNNING,process_name=P3,remaining_time=13
711,RUNNING,process_name=P10,remaining_time=119
714,RUNNING,process_name=P16,remaining_time=2
717,FINISHED,process_name=P16,proc_remaining=7
717,FINISHED-PROCESS,process_name=P16,sha=30c321558b0057c1248d3ecfabc409dd80daffa2a15907e2798e725da59f878c
717,RUNNING,process_name=P17,remaining_time=2
720,FINISHED,process_name=P17,proc_remaining=6
720,FINISHED-PROCESS,process_name=P17,sha=07662a82398b04243cb56d93aa175043176785c21ac1d713ac4334144c548389
720,RUNNING,process_name=P18,remaining_time=8
723,RUNNING,process_name=P19,remaining_time=10
726,RUNNING,process_name=P20,remaining_time=10
729,RUNNING,process_name=P1,remaining_time=32
732,RUNNING,process_name=P3,remaining_time=10
735,RUNNING,process_name=P10,remaining_time=116
738,RUNNING,process_name=P18,remaining_time=5
741,RUNNING,process_name=P19,remaining_time=7
744,RUNNING,process_name=P20,remaining_time=7
747,RUNNING,process_name=P1,remaining_time=29
750,RUNNING,process_name=P3,remaining_time=7
753,RUNNING,process_name=P10,remaining_time=113
756,RUNNING,process_name=P18,remaining_time=2
759,FINISHED,process_name=P18,proc_remaining=5
759,FINISHED-PROCESS,process_name=P18,sha=3cb1c5dd978e33af3e6c4840c24f82f828f65695e8a32f6111d99bb579229b6f
759,RUNNING,process_name=P19,remaining_time=4
762,RUNNING,process_name=P20,remaining_time=4
765,RUNNING,process_name=P1,remaining_time=26
768,RUNNING,process_name=P3,remaining_time=4
771,RUNNING,process_name=P10,remaining_time=110
774,RUNNING,process_name=P19,remaining_time=1
777,FINISHED,process_name=P19,proc_remaining=4
777,FINISHED-PROCESS,process_name=P19,sha=4ee5e842bcbadc32d1413bfb18fd7eb66521b1038274edb51ca3adacbe9e1c64
777,RUNNING,process_name=P20,remaining_time=1
780,FINISHED,process_name=P20,proc_remaining=3
780,FINISHED-PROCESS,process_name=P20,sha=b1a5f12e64e456fe10cd50942b247f1a6c913b54d885a89d5266943276791dc6
780,RUNNING,process_name=P1,remaining_time=23
783,RUNNING,process_name=P3,remaining_time=1
786,FINISHED,process_name=P3,proc_remaining=2
786,FINISHED-PROCESS,process_name=P3,sha=fcc568b73e131a95ab84e17e185a65878e1228cd93150efea25950280ed90535
786,RUNNING,process_name=P10,remaining_time=107
789,RUNNING,process_name=P1,remaining_time=20
792,RUNNING,process_name=P10,remaining_time=104
795,RUNNING,process_name=P1,remaining_time=17
798,RUNNING,process_name=P10,remaining_time=101
801,RUNNING,process_name=P1,remaining_time=14
804,RUNNING,process_name=P10,remaining_time=98
807,RUNNING,process_name=P1,remaining_time=11
810,RUNNING,process_name=P10,remaining_time=95
813,RUNNING,process_name=P1,remaining_time=8
816,RUNNING,process_name=P10,remaining_time=92
819,RUNNING,process_name=P1,remaining_time=5
822,RUNNING,process_name=P10,remaining_time=89
825,RUNNING,process_name=P1,remaining_time=2
828,FINISHED,process_name=P1,proc_remaining=1
828,FINISHED-PROCESS,process_name=P1,sha=960e7e39d90e2c28f6c9cf1f99316d14dda15fa164842228b737f5c47b4405f4
828,RUNNING,process_name=P10,remaining_time=86
915,FINISHED,process_name=P10,proc_remaining=0
915,FINISHED-PROCESS,process_name=P10,sha=adc90e3df4041671da254b2879ea605e81c44b9a618db049d2342fcb498fde8d
Turnaround time 374
Time overhead 14.77 10.55
Makespan 915
