0,RUNNING,process_name=P1,remaining_time=113
2,RUNNING,process_name=P2,remaining_time=19
4,RUNNING,process_name=P3,remaining_time=91
6,RUNNING,process_name=P4,remaining_time=73
8,RUNNING,process_name=P5,remaining_time=12
10,RUNNING,process_name=P6,remaining_time=48
12,RUNNING,process_name=P7,remaining_time=64
14,RUNNING,process_name=P8,remaining_time=64
16,RUNNING,process_name=P9,remaining_time=13
18,RUNNING,process_name=P1,remaining_time=111
20,RUNNING,process_name=P2,remaining_time=17
22,RUNNING,process_name=P3,remaining_time=89
24,RUNNING,process_name=P4,remaining_time=71
26,RUNNING,process_name=P10,remaining_time=194
28,RUNNING,process_name=P11,remaining_time=14
30,RUNNING,process_name=P12,remaining_time=19
32,RUNNING,process_name=P13,remaining_time=17
34,RUNNING,process_name=P14,remaining_time=3
36,RUNNING,process_name=P15,remaining_time=9
38,RUNNING,process_name=P5,remaining_time=10
40,RUNNING,process_name=P6,remaining_time=46
42,RUNNING,process_name=P7,remaining_time=62
44,RUNNING,process_name=P8,remaining_time=62
46,RUNNING,process_name=P9,remaining_time=11
48,RUNNING,process_name=P1,remaining_time=109
50,RUNNING,process_name=P2,remaining_time=15
52,RUNNING,process_name=P3,remaining_time=87
54,RUNNING,process_name=P4,remaining_time=69
56,RUNNING,process_name=P10,remaining_time=192
58,RUNNING,process_name=P11,remaining_time=12
60,RUNNING,process_name=P12,remaining_time=17
62,RUNNING,process_name=P13,remaining_time=15
64,RUNNING,process_name=P14,remaining_time=1
66,FINISHED,process_name=P14,proc_remaining=14
66,FINISHED-PROCESS,process_name=P14,sha=a93616443e98ea4c0413ac15d2c9acf3a6368fe1b1b986dff0a1afc3073da0e8
66,RUNNING,process_name=P15,remaining_time=7
68,RUNNING,process_name=P5,remaining_time=8
70,RUNNING,process_name=P6,remaining_time=44
72,RUNNING,process_name=P7,remaining_time=60
74,RUNNING,process_name=P8,remaining_time=60
76,RUNNING,process_name=P9,remaining_time=9
78,RUNNING,process_name=P1,remaining_time=107
80,RUNNING,process_name=P2,remaining_time=13
82,RUNNING,process_name=P3,remaining_time=85
84,RUNNING,process_name=P4,remaining_time=67
86,RUNNING,process_name=P10,remaining_time=190
88,RUNNING,process_name=P11,remaining_time=10
90,RUNNING,process_name=P12,remaining_time=15
92,RUNNING,process_name=P13,remaining_time=13
94,RUNNING,process_name=P15,remaining_time=5
96,RUNNING,process_name=P5,remaining_time=6
98,RUNNING,process_name=P6,remaining_time=42
100,RUNNING,process_name=P7,remaining_time=58
102,RUNNING,process_name=P8,remaining_time=58
104,RUNNING,process_name=P9,remaining_time=7
106,RUNNING,process_name=P1,remaining_time=105
108,RUNNING,process_name=P2,remaining_time=11
110,RUNNING,process_name=P3,remaining_time=83
112,RUNNING,process_name=P4,remaining_time=65
114,RUNNING,process_name=P10,remaining_time=188
116,RUNNING,process_name=P11,remaining_time=8
118,RUNNING,process_name=P12,remaining_time=13
120,RUNNING,process_name=P13,remaining_time=11
122,RUNNING,process_name=P15,remaining_time=3
124,RUNNING,process_name=P5,remaining_time=4
126,RUNNING,process_name=P6,remaining_time=40
128,RUNNING,process_name=P7,remaining_time=56
130,RUNNING,process_name=P8,remaining_time=56
132,RUNNING,process_name=P9,remaining_time=5
134,RUNNING,process_name=P1,remaining_time=103
136,RUNNING,process_name=P2,remaining_time=9
138,RUNNING,process_name=P3,remaining_time=81
140,RUNNING,process_name=P4,remaining_time=63
142,RUNNING,process_name=P10,remaining_time=186
144,RUNNING,process_name=P11,remaining_time=6
146,RUNNING,process_name=P12,remaining_time=11
148,RUNNING,process_name=P13,remaining_time=9
150,RUNNING,process_name=P15,remaining_time=1
152,FINISHED,process_name=P15,proc_remaining=13
152,FINISHED-PROCESS,process_name=P15,sha=da5fc1ead391508c0e3e1c6fceefa6c89278c0948c103461ec3c6d747d59a3db
152,RUNNING,process_name=P5,remaining_time=2
154,FINISHED,process_name=P5,proc_remaining=12
154,FINISHED-PROCESS,process_name=P5,sha=300dc8af95320ce5a82324a37c5c12b8411b2ba4cd0bb563a408190ac0a1e3d3
154,RUNNING,process_name=P6,remaining_time=38
156,RUNNING,process_name=P7,remaining_time=54
158,RUNNING,process_name=P8,remaining_time=54
160,RUNNING,process_name=P9,remaining_time=3
162,RUNNING,process_name=P1,remaining_time=101
164,RUNNING,process_name=P2,remaining_time=7
166,RUNNING,process_name=P3,remaining_time=79
168,RUNNING,process_name=P4,remaining_time=61
170,RUNNING,process_name=P10,remaining_time=184
172,RUNNING,process_name=P11,remaining_time=4
174,RUNNING,process_name=P12,remaining_time=9
176,RUNNING,process_name=P13,remaining_time=7
178,RUNNING,process_name=P6,remaining_time=36
180,RUNNING,process_name=P7,remaining_time=52
182,RUNNING,process_name=P8,remaining_time=52
184,RUNNING,process_name=P9,remaining_time=1
186,FINISHED,process_name=P9,proc_remaining=11
186,FINISHED-PROCESS,process_name=P9,sha=a09dee462b9ab7888be940e1ae08c516069267e405cbb2f53c592d4c5edf4ace
186,RUNNING,process_name=P1,remaining_time=99
188,RUNNING,process_name=P2,remaining_time=5
190,RUNNING,process_name=P3,remaining_time=77
192,RUNNING,process_name=P4,remaining_time=59
194,RUNNING,process_name=P10,remaining_time=182
196,RUNNING,process_name=P11,remaining_time=2
198,FINISHED,process_name=P11,proc_remaining=10
198,FINISHED-PROCESS,process_name=P11,sha=7e772890db2e53678362bf1398ec520cb03c2a28c9c8bcb6ed7a403c3baf1bae
198,RUNNING,process_name=P12,remaining_time=7
200,RUNNING,process_name=P13,remaining_time=5
202,RUNNING,process_name=P6,remaining_time=34
204,RUNNING,process_name=P7,remaining_time=50
206,RUNNING,process_name=P8,remaining_time=50
208,RUNNING,process_name=P1,remaining_time=97
210,RUNNING,process_name=P2,remaining_time=3
212,RUNNING,process_name=P3,remaining_time=75
214,RUNNING,process_name=P4,remaining_time=57
216,RUNNING,process_name=P10,remaining_time=180
218,RUNNING,process_name=P12,remaining_time=5
220,RUNNING,process_name=P13,remaining_time=3
222,RUNNING,process_name=P6,remaining_time=32
224,RUNNING,process_name=P7,remaining_time=48
226,RUNNING,process_name=P8,remaining_time=48
228,RUNNING,process_name=P1,remaining_time=95
230,RUNNING,process_name=P2,remaining_time=1
232,FINISHED,process_name=P2,proc_remaining=9
232,FINISHED-PROCESS,process_name=P2,sha=449870840d77ef55810cf50fc60450a180f0ba45b1144562e9cb5e8263861c6c
232,RUNNING,process_name=P3,remaining_time=73
234,RUNNING,process_name=P4,remaining_time=55
236,RUNNING,process_name=P10,remaining_time=178
238,RUNNING,process_name=P12,remaining_time=3
240,RUNNING,process_name=P13,remaining_time=1
242,FINISHED,process_name=P13,proc_remaining=8
242,FINISHED-PROCESS,process_name=P13,sha=98a8c833a72b8c2417a3e7d5b03d90ff6aa0b99534d4dc0633895327accbc221
242,RUNNING,process_name=P6,remaining_time=30
244,RUNNING,process_name=P7,remaining_time=46
246,RUNNING,process_name=P8,remaining_time=46
248,RUNNING,process_name=P1,remaining_time=93
250,RUNNING,process_name=P3,remaining_time=71
252,RUNNING,process_name=P4,remaining_time=53
254,RUNNING,process_name=P10,remaining_time=176
256,RUNNING,process_name=P12,remaining_time=1
258,FINISHED,process_name=P12,proc_remaining=7
258,FINISHED-PROCESS,process_name=P12,sha=67754332b741a987b72c54805e31b88d5b00771b7c1c77f59edd02ce9c8f3288
258,RUNNING,process_name=P6,remaining_time=28
260,RUNNING,process_name=P7,remaining_time=44
262,RUNNING,process_name=P8,remaining_time=44
264,RUNNING,process_name=P1,remaining_time=91
266,RUNNING,process_name=P3,remaining_time=69
268,RUNNING,process_name=P4,remaining_time=51
270,RUNNING,process_name=P10,remaining_time=174
272,RUNNING,process_name=P6,remaining_time=26
274,RUNNING,process_name=P7,remaining_time=42
276,RUNNING,process_name=P8,remaining_time=42
278,RUNNING,process_name=P1,remaining_time=89
280,RUNNING,process_name=P3,remaining_time=67
282,RUNNING,process_name=P4,remaining_time=49
284,RUNNING,process_name=P10,remaining_time=172
286,RUNNING,process_name=P6,remaining_time=24
288,RUNNING,process_name=P7,remaining_time=40
290,RUNNING,process_name=P8,remaining_time=40
292,RUNNING,process_name=P1,remaining_time=87
294,RUNNING,process_name=P3,remaining_time=65
296,RUNNING,process_name=P4,remaining_time=47
298,RUNNING,process_name=P10,remaining_time=170
300,RUNNING,process_name=P6,remaining_time=22
302,RUNNING,process_name=P7,remaining_time=38
304,RUNNING,process_name=P8,remaining_time=38
306,RUNNING,process_name=P1,remaining_time=85
308,RUNNING,process_name=P3,remaining_time=63
310,RUNNING,process_name=P4,remaining_time=45
312,RUNNING,process_name=P10,remaining_time=168
314,RUNNING,process_name=P6,remaining_time=20
316,RUNNING,process_name=P7,remaining_time=36
318,RUNNING,process_name=P8,remaining_time=36
320,RUNNING,process_name=P1,remaining_time=83
322,RUNNING,process_name=P3,remaining_time=61
324,RUNNING,process_name=P4,remaining_time=43
326,RUNNING,process_name=P10,remaining_time=166
328,RUNNING,process_name=P6,remaining_time=18
330,RUNNING,process_name=P7,remaining_time=34
332,RUNNING,process_name=P8,remaining_time=34
334,RUNNING,process_name=P1,remaining_time=81
336,RUNNING,process_name=P3,remaining_time=59
338,RUNNING,process_name=P4,remaining_time=41
340,RUNNING,process_name=P10,remaining_time=164
342,RUNNING,process_name=P6,remaining_time=16
344,RUNNING,process_name=P7,remaining_time=32
346,RUNNING,process_name=P8,remaining_time=32
348,RUNNING,process_name=P1,remaining_time=79
350,RUNNING,process_name=P3,remaining_time=57
352,RUNNING,process_name=P4,remaining_time=39
354,RUNNING,process_name=P10,remaining_time=162
356,RUNNING,process_name=P6,remaining_time=14
358,RUNNING,process_name=P7,remaining_time=30
360,RUNNING,process_name=P8,remaining_time=30
362,RUNNING,process_name=P1,remaining_time=77
364,RUNNING,process_name=P3,remaining_time=55
366,RUNNING,process_name=P4,remaining_time=37
368,RUNNING,process_name=P10,remaining_time=160
370,RUNNING,process_name=P6,remaining_time=12
372,RUNNING,process_name=P7,remaining_time=28
374,RUNNING,process_name=P8,remaining_time=28
376,RUNNING,process_name=P1,remaining_time=75
378,RUNNING,process_name=P3,remaining_time=53
380,RUNNING,process_name=P4,remaining_time=35
382,RUNNING,process_name=P10,remaining_time=158
384,RUNNING,process_name=P6,remaining_time=10
386,RUNNING,process_name=P7,remaining_time=26
388,RUNNING,process_name=P8,remaining_time=26
390,RUNNING,process_name=P1,remaining_time=73
392,RUNNING,process_name=P3,remaining_time=51
394,RUNNING,process_name=P4,remaining_time=33
396,RUNNING,process_name=P10,remaining_time=156
398,RUNNING,process_name=P6,remaining_time=8
400,RUNNING,process_name=P7,remaining_time=24
402,RUNNING,process_name=P8,remaining_time=24
404,RUNNING,process_name=P1,remaining_time=71
406,RUNNING,process_name=P3,remaining_time=49
408,RUNNING,process_name=P4,remaining_time=31
410,RUNNING,process_name=P10,remaining_time=154
412,RUNNING,process_name=P6,remaining_time=6
414,RUNNING,process_name=P7,remaining_time=22
416,RUNNING,process_name=P8,remaining_time=22
418,RUNNING,process_name=P1,remaining_time=69
420,RUNNING,process_name=P3,remaining_time=47
422,RUNNING,process_name=P4,remaining_time=29
424,RUNNING,process_name=P10,remaining_time=152
426,RUNNING,process_name=P6,remaining_time=4
428,RUNNING,process_name=P7,remaining_time=20
430,RUNNING,process_name=P8,remaining_time=20
432,RUNNING,process_name=P1,remaining_time=67
434,RUNNING,process_name=P3,remaining_time=45
436,RUNNING,process_name=P4,remaining_time=27
438,RUNNING,process_name=P10,remaining_time=150
440,RUNNING,process_name=P6,remaining_time=2
442,FINISHED,process_name=P6,proc_remaining=6
442,FINISHED-PROCESS,process_name=P6,sha=de17b990bf7ea7715c1129a81226468e778739c4b544ec203635a99a1feaf35e
442,RUNNING,process_name=P7,remaining_time=18
444,RUNNING,process_name=P8,remaining_time=18
446,RUNNING,process_name=P1,remaining_time=65
448,RUNNING,process_name=P3,remaining_time=43
450,RUNNING,process_name=P4,remaining_time=25
452,RUNNING,process_name=P10,remaining_time=148
454,RUNNING,process_name=P7,remaining_time=16
456,RUNNING,process_name=P8,remaining_time=16
458,RUNNING,process_name=P1,remaining_time=63
460,RUNNING,process_name=P3,remaining_time=41
462,RUNNING,process_name=P4,remaining_time=23
464,RUNNING,process_name=P10,remaining_time=146
466,RUNNING,process_name=P7,remaining_time=14
468,RUNNING,process_name=P8,remaining_time=14
470,RUNNING,process_name=P1,remaining_time=61
472,RUNNING,process_name=P3,remaining_time=39
474,RUNNING,process_name=P4,remaining_time=21
476,RUNNING,process_name=P10,remaining_time=144
478,RUNNING,process_name=P7,remaining_time=12
480,RUNNING,process_name=P8,remaining_time=12
482,RUNNING,process_name=P1,remaining_time=59
484,RUNNING,process_name=P3,remaining_time=37
486,RUNNING,process_name=P4,remaining_time=19
488,RUNNING,process_name=P10,remaining_time=142
490,RUNNING,process_name=P7,remaining_time=10
492,RUNNING,process_name=P8,remaining_time=10
494,RUNNING,process_name=P1,remaining_time=57
496,RUNNING,process_name=P3,remaining_time=35
498,RUNNING,process_name=P4,remaining_time=17
500,RUNNING,process_name=P10,remaining_time=140
502,RUNNING,process_name=P7,remaining_time=8
504,RUNNING,process_name=P8,remaining_time=8
506,RUNNING,process_name=P1,remaining_time=55
508,RUNNING,process_name=P3,remaining_time=33
510,RUNNING,process_name=P16,remaining_time=23
512,RUNNING,process_name=P4,remaining_time=15
514,RUNNING,process_name=P17,remaining_time=23
516,RUNNING,process_name=P18,remaining_time=29
518,RUNNING,process_name=P10,remaining_time=138
520,RUNNING,process_name=P19,remaining_time=31
522,RUNNING,process_name=P20,remaining_time=31
524,RUNNING,process_name=P7,remaining_time=6
526,RUNNING,process_name=P8,remaining_time=6
528,RUNNING,process_name=P1,remaining_time=53
530,RUNNING,process_name=P3,remaining_time=31
532,RUNNING,process_name=P16,remaining_time=21
534,RUNNING,process_name=P4,remaining_time=13
536,RUNNING,process_name=P17,remaining_time=21
538,RUNNING,process_name=P18,remaining_time=27
540,RUNNING,process_name=P10,remaining_time=136
542,RUNNING,process_name=P19,remaining_time=29
544,RUNNING,process_name=P20,remaining_time=29
546,RUNNING,process_name=P7,remaining_time=4
548,RUNNING,process_name=P8,remaining_time=4
550,RUNNING,process_name=P1,remaining_time=51
552,RUNNING,process_name=P3,remaining_time=29
554,RUNNING,process_name=P16,remaining_time=19
556,RUNNING,process_name=P4,remaining_time=11
558,RUNNING,process_name=P17,remaining_time=19
560,RUNNING,process_name=P18,remaining_time=25
562,RUNNING,process_name=P10,remaining_time=134
564,RUNNING,process_name=P19,remaining_time=27
566,RUNNING,process_name=P20,remaining_time=27
568,RUNNING,process_name=P7,remaining_time=2
570,FINISHED,process_name=P7,proc_remaining=10
570,FINISHED-PROCESS,process_name=P7,sha=351b8e389deee1408df1f1590f58e7090a5ce57c1e81a76ac6f61ea3404a90a1
570,RUNNING,process_name=P8,remaining_time=2
572,FINISHED,process_name=P8,proc_remaining=9
572,FINISHED-PROCESS,process_name=P8,sha=457101c4157c066ed0238a99e3311e9f584973899dd368feaefd08c59c25058f
572,RUNNING,process_name=P1,remaining_time=49
574,RUNNING,process_name=P3,remaining_time=27
576,RUNNING,process_name=P16,remaining_time=17
578,RUNNING,process_name=P4,remaining_time=9
580,RUNNING,process_name=P17,remaining_time=17
582,RUNNING,process_name=P18,remaining_time=23
584,RUNNING,process_name=P10,remaining_time=132
586,RUNNING,process_name=P19,remaining_time=25
588,RUNNING,process_name=P20,remaining_time=25
590,RUNNING,process_name=P1,remaining_time=47
592,RUNNING,process_name=P3,remaining_time=25
594,RUNNING,process_name=P16,remaining_time=15
596,RUNNING,process_name=P4,remaining_time=7
598,RUNNING,process_name=P17,remaining_time=15
600,RUNNING,process_name=P18,remaining_time=21
602,RUNNING,process_name=P10,remaining_time=130
604,RUNNING,process_name=P19,remaining_time=23
606,RUNNING,process_name=P20,remaining_time=23
608,RUNNING,process_name=P1,remaining_time=45
610,RUNNING,process_name=P3,remaining_time=23
612,RUNNING,process_name=P16,remaining_time=13
614,RUNNING,process_name=P4,remaining_time=5
616,RUNNING,process_name=P17,remaining_time=13
618,RUNNING,process_name=P18,remaining_time=19
620,RUNNING,process_name=P10,remaining_time=128
622,RUNNING,process_name=P19,remaining_time=21
624,RUNNING,process_name=P20,remaining_time=21
626,RUNNING,process_name=P1,remaining_time=43
628,RUNNING,process_name=P3,remaining_time=21
630,RUNNING,process_name=P16,remaining_time=11
632,RUNNING,process_name=P4,remaining_time=3
634,RUNNING,process_name=P17,remaining_time=11
636,RUNNING,process_name=P18,remaining_time=17
638,RUNNING,process_name=P10,remaining_time=126
640,RUNNING,process_name=P19,remaining_time=19
642,RUNNING,process_name=P20,remaining_time=19
644,RUNNING,process_name=P1,remaining_time=41
646,RUNNING,process_name=P3,remaining_time=19
648,RUNNING,process_name=P16,remaining_time=9
650,RUNNING,process_name=P4,remaining_time=1
652,FINISHED,process_name=P4,proc_remaining=8
652,FINISHED-PROCESS,process_name=P4,sha=afe58d3ab50a4647888613cecaf968931705fc5b1ec8cd0cac8155137c48523f
652,RUNNING,process_name=P17,remaining_time=9
654,RUNNING,process_name=P18,remaining_time=15
656,RUNNING,process_name=P10,remaining_time=124
658,RUNNING,process_name=P19,remaining_time=17
660,RUNNING,process_name=P20,remaining_time=17
662,RUNNING,process_name=P1,remaining_time=39
664,RUNNING,process_name=P3,remaining_time=17
666,RUNNING,process_name=P16,remaining_time=7
668,RUNNING,process_name=P17,remaining_time=7
670,RUNNING,process_name=P18,remaining_time=13
672,RUNNING,process_name=P10,remaining_time=122
674,RUNNING,process_name=P19,remaining_time=15
676,RUNNING,process_name=P20,remaining_time=15
678,RUNNING,process_name=P1,remaining_time=37
680,RUNNING,process_name=P3,remaining_time=15
682,RUNNING,process_name=P16,remaining_time=5
684,RUNNING,process_name=P17,remaining_time=5
686,RUNNING,process_name=P18,remaining_time=11
688,RUNNING,process_name=P10,remaining_time=120
690,RUNNING,process_name=P19,remaining_time=13
692,RUNNING,process_name=P20,remaining_time=13
694,RUNNING,process_name=P1,remaining_time=35
696,RUNNING,process_name=P3,remaining_time=13
698,RUNNING,process_name=P16,remaining_time=3
700,RUNNING,process_name=P17,remaining_time=3
702,RUNNING,process_name=P18,remaining_time=9
704,RUNNING,process_name=P10,remaining_time=118
706,RUNNING,process_name=P19,remaining_time=11
708,RUNNING,process_name=P20,remaining_time=11
710,RUNNING,process_name=P1,remaining_time=33
712,RUNNING,process_name=P3,remaining_time=11
714,RUNNING,process_name=P16,remaining_time=1
716,FINISHED,process_name=P16,proc_remaining=7
716,FINISHED-PROCESS,process_name=P16,sha=0104d83837f0bdad08c0a68657ed530fd291188ef8a672b483d46db0fbf55cca
716,RUNNING,process_name=P17,remaining_time=1
718,FINISHED,process_name=P17,proc_remaining=6
718,FINISHED-PROCESS,process_name=P17,sha=cbc54cfa3342e20f02fc5f0e721bb48df6c66408193d612040364f6f2e92699d
718,RUNNING,process_name=P18,remaining_time=7
720,RUNNING,process_name=P10,remaining_time=116
722,RUNNING,process_name=P19,remaining_time=9
724,RUNNING,process_name=P20,remaining_time=9
726,RUNNING,process_name=P1,remaining_time=31
728,RUNNING,process_name=P3,remaining_time=9
730,RUNNING,process_name=P18,remaining_time=5
732,RUNNING,process_name=P10,remaining_time=114
734,RUNNING,process_name=P19,remaining_time=7
736,RUNNING,process_name=P20,remaining_time=7
738,RUNNING,process_name=P1,remaining_time=29
740,RUNNING,process_name=P3,remaining_time=7
742,RUNNING,process_name=P18,remaining_time=3
744,RUNNING,process_name=P10,remaining_time=112
746,RUNNING,process_name=P19,remaining_time=5
748,RUNNING,process_name=P20,remaining_time=5
750,RUNNING,process_name=P1,remaining_time=27
752,RUNNING,process_name=P3,remaining_time=5
754,RUNNING,process_name=P18,remaining_time=1
756,FINISHED,process_name=P18,proc_remaining=5
756,FINISHED-PROCESS,process_name=P18,sha=b02d8850afbb3968eea57949d93af410c69b593704764196170bc7a24cf21071
756,RUNNING,process_name=P10,remaining_time=110
758,RUNNING,process_name=P19,remaining_time=3
760,RUNNING,process_name=P20,remaining_time=3
762,RUNNING,process_name=P1,remaining_time=25
764,RUNNING,process_name=P3,remaining_time=3
766,RUNNING,process_name=P10,remaining_time=108
768,RUNNING,process_name=P19,remaining_time=1
770,FINISHED,process_name=P19,proc_remaining=4
770,FINISHED-PROCESS,process_name=P19,sha=126da17d9e9ef5b03153330de5ac336b9a3df090cccc0d5558bf6fe52f25e227
770,RUNNING,process_name=P20,remaining_time=1
772,FINISHED,process_name=P20,proc_remaining=3
772,FINISHED-PROCESS,process_name=P20,sha=4215cd92b13f8398ae9a17c5fdcdac6f6d7380296bea7cef43cda303923600b1
772,RUNNING,process_name=P1,remaining_time=23
774,RUNNING,process_name=P3,remaining_time=1
776,FINISHED,process_name=P3,proc_remaining=2
776,FINISHED-PROCESS,process_name=P3,sha=9ac8a2929d64f4917c36d114920a34883dd53e23d21d500c4bab2af5308a8ff2
776,RUNNING,process_name=P10,remaining_time=106
778,RUNNING,process_name=P1,remaining_time=21
780,RUNNING,process_name=P10,remaining_time=104
782,RUNNING,process_name=P1,remaining_time=19
784,RUNNING,process_name=P10,remaining_time=102
786,RUNNING,process_name=P1,remaining_time=17
788,RUNNING,process_name=P10,remaining_time=100
790,RUNNING,process_name=P1,remaining_time=15
792,RUNNING,process_name=P10,remaining_time=98
794,RUNNING,process_name=P1,remaining_time=13
796,RUNNING,process_name=P10,remaining_time=96
798,RUNNING,process_name=P1,remaining_time=11
800,RUNNING,process_name=P10,remaining_time=94
802,RUNNING,process_name=P1,remaining_time=9
804,RUNNING,process_name=P10,remaining_time=92
806,RUNNING,process_name=P1,remaining_time=7
808,RUNNING,process_name=P10,remaining_time=90
810,RUNNING,process_name=P1,remaining_time=5
812,RUNNING,process_name=P10,remaining_time=88
814,RUNNING,process_name=P1,remaining_time=3
816,RUNNING,process_name=P10,remaining_time=86
818,RUNNING,process_name=P1,remaining_time=1
820,FINISHED,process_name=P1,proc_remaining=1
820,FINISHED-PROCESS,process_name=P1,sha=9b7c1d2465e35264903fcd502f2b98f0449e6a7312c6a84a0306ff2a5e1a8f5c
820,RUNNING,process_name=P10,remaining_time=84
904,FINISHED,process_name=P10,proc_remaining=0
904,FINISHED-PROCESS,process_name=P10,sha=307d0b5bd72b9bd3f38e7ab2443954c93eb1711e470c112610f9f99df49d8fae
Turnaround time 370
Time overhead 18.67 10.76
Makespan 904
