0,RUNNING,process_name=P0,remaining_time=8
2,RUNNING,process_name=P1,remaining_time=30
3,RUNNING,process_name=P0,remaining_time=6
4,RUNNING,process_name=P2,remaining_time=7
5,RUNNING,process_name=P1,remaining_time=29
6,RUNNING,process_name=P0,remaining_time=5
7,RUNNING,process_name=P3,remaining_time=11
8,RUNNING,process_name=P2,remaining_time=6
9,RUNNING,process_name=P1,remaining_time=28
10,RUNNING,process_name=P0,remaining_time=4
11,RUNNING,process_name=P3,remaining_time=10
12,RUNNING,process_name=P4,remaining_time=5
13,RUNNING,process_name=P2,remaining_time=5
14,RUNNING,process_name=P1,remaining_time=27
15,RUNNING,process_name=P0,remaining_time=3
16,RUNNING,process_name=P3,remaining_time=9
17,RUNNING,process_name=P4,remaining_time=4
18,RUNNING,process_name=P5,remaining_time=4
19,RUNNING,process_name=P2,remaining_time=4
20,RUNNING,process_name=P1,remaining_time=26
21,RUNNING,process_name=P0,remaining_time=2
22,RUNNING,process_name=P3,remaining_time=8
23,RUNNING,process_name=P6,remaining_time=7
24,RUNNING,process_name=P4,remaining_time=3
25,RUNNING,process_name=P5,remaining_time=3
26,RUNNING,process_name=P7,remaining_time=3
27,RUNNING,process_name=P2,remaining_time=3
28,RUNNING,process_name=P1,remaining_time=25
29,RUNNING,process_name=P0,remaining_time=1
30,FINISHED,process_name=P0,proc_remaining=7
30,FINISHED-PROCESS,process_name=P0,sha=67d3efec4e101abc27b270951be7b950621d4b9add58440892b51ae509074d51
30,RUNNING,process_name=P3,remaining_time=7
31,RUNNING,process_name=P6,remaining_time=6
32,RUNNING,process_name=P4,remaining_time=2
33,RUNNING,process_name=P5,remaining_time=2
34,RUNNING,process_name=P7,remaining_time=2
35,RUNNING,process_name=P2,remaining_time=2
36,RUNNING,process_name=P1,remaining_time=24
37,RUNNING,process_name=P3,remaining_time=6
38,RUNNING,process_name=P6,remaining_time=5
39,RUNNING,process_name=P4,remaining_time=1
40,FINISHED,process_name=P4,proc_remaining=6
40,FINISHED-PROCESS,process_name=P4,sha=b56eaeb25f053c52205e4c44d927a3f9a9138bdaa197587e872e65e4fa89d2d9
40,RUNNING,process_name=P5,remaining_time=1
41,FINISHED,process_name=P5,proc_remaining=5
41,FINISHED-PROCESS,process_name=P5,sha=97fb30e456e752763824a96e4e205a73ce0adf1d5e546de12509bdd2d9fdcf23
41,RUNNING,process_name=P7,remaining_time=1
42,FINISHED,process_name=P7,proc_remaining=4
42,FINISHED-PROCESS,process_name=P7,sha=ff886961b8caa70021b0b60903ae956f6489d79d4786d87bbd46ce4bdd595ff8
42,RUNNING,process_name=P2,remaining_time=1
43,FINISHED,process_name=P2,proc_remaining=3
43,FINISHED-PROCESS,process_name=P2,sha=65c390a153b1e8f1b4e8246edb5751b5d31da09dad1e20b5c566e9e60af0a3b9
43,RUNNING,process_name=P1,remaining_time=23
44,RUNNING,process_name=P3,remaining_time=5
45,RUNNING,process_name=P6,remaining_time=4
46,RUNNING,process_name=P1,remaining_time=22
47,RUNNING,process_name=P3,remaining_time=4
48,RUNNING,process_name=P6,remaining_time=3
49,RUNNING,process_name=P1,remaining_time=21
50,RUNNING,process_name=P3,remaining_time=3
51,RUNNING,process_name=P6,remaining_time=2
52,RUNNING,process_name=P1,remaining_time=20
53,RUNNING,process_name=P3,remaining_time=2
54,RUNNING,process_name=P6,remaining_time=1
55,FINISHED,process_name=P6,proc_remaining=2
55,FINISHED-PROCESS,process_name=P6,sha=374861eeecc3d226045065a336251513141f8413761a161fcd2362e56428f38d
55,RUNNING,process_name=P1,remaining_time=19
56,RUNNING,process_name=P3,remaining_time=1
57,FINISHED,process_name=P3,proc_remaining=1
57,FINISHED-PROCESS,process_name=P3,sha=a82e53e8bea2143ca39637728a61114664ee56c17d37cfaae3019e91fc86e213
57,RUNNING,process_name=P1,remaining_time=18
75,FINISHED,process_name=P1,proc_remaining=0
75,FINISHED-PROCESS,process_name=P1,sha=ace777aedc67543e04b33051c26bf64e6e0ee71aa89ee03f8963d2ead238801f
Turnaround time 39
Time overhead 7.33 5.27
Makespan 75
