0,RUNNING,process_name=P0,remaining_time=15
4,RUNNING,process_name=P1,remaining_time=11
6,RUNNING,process_name=P0,remaining_time=11
8,RUNNING,process_name=P1,remaining_time=9
10,RUNNING,process_name=P0,remaining_time=9
12,RUNNING,process_name=P1,remaining_time=7
14,RUNNING,process_name=P0,remaining_time=7
16,RUNNING,process_name=P1,remaining_time=5
18,RUNNING,process_name=P0,remaining_time=5
20,RUNNING,process_name=P1,remaining_time=3
22,RUNNING,process_name=P0,remaining_time=3
24,RUNNING,process_name=P1,remaining_time=1
26,FINISHED,process_name=P1,proc_remaining=1
26,FINISHED-PROCESS,process_name=P1,sha=a951be20b802ae93bfde486ed5e9db9725111d1f3488d9d203d4b2a28c81e317
26,RUNNING,process_name=P0,remaining_time=1
28,FINISHED,process_name=P0,proc_remaining=1
28,FINISHED-PROCESS,process_name=P0,sha=0c72e4b872df49404c3c7a44b937ad2b986f3c090a8ec1525cc0fa683fcaaa82
28,RUNNING,process_name=P2,remaining_time=1
30,FINISHED,process_name=P2,proc_remaining=0
30,FINISHED-PROCESS,process_name=P2,sha=717a5a172a1f9d24f6be3a8b9fbecfae84c655b5dff478804639f16f5427d7e7
30,RUNNING,process_name=P3,remaining_time=15
44,RUNNING,process_name=P4,remaining_time=11
46,RUNNING,process_name=P3,remaining_time=1
48,FINISHED,process_name=P3,proc_remaining=1
48,FINISHED-PROCESS,process_name=P3,sha=4845361e92b225929325ae2417944b266f30ed961a2a88daa0e637ff28774536
48,RUNNING,process_name=P4,remaining_time=9
58,FINISHED,process_name=P4,proc_remaining=0
58,FINISHED-PROCESS,process_name=P4,sha=c935baa9ba2e96ba753ad4c0f3a9af648e6d16b67a20d0ce1c224f0a82503853
64,RUNNING,process_name=P5,remaining_time=11
66,RUNNING,process_name=P6,remaining_time=6
68,RUNNING,process_name=P5,remaining_time=9
70,RUNNING,process_name=P7,remaining_time=6
72,RUNNING,process_name=P6,remaining_time=4
74,RUNNING,process_name=P5,remaining_time=7
76,RUNNING,process_name=P7,remaining_time=4
78,RUNNING,process_name=P6,remaining_time=2
80,FINISHED,process_name=P6,proc_remaining=2
80,FINISHED-PROCESS,process_name=P6,sha=6940eb450b15d03bc3e00c0151ca2ba1e0e6c5b4cfe207141a70b2ed15f05813
80,RUNNING,process_name=P5,remaining_time=5
82,RUNNING,process_name=P7,remaining_time=2
84,FINISHED,process_name=P7,proc_remaining=1
84,FINISHED-PROCESS,process_name=P7,sha=44b0b34674908126e78b73543c5c23269a9a014d287e3837965eec14b23f2a70
84,RUNNING,process_name=P5,remaining_time=3
88,FINISHED,process_name=P5,proc_remaining=0
88,FINISHED-PROCESS,process_name=P5,sha=d5c410ccccce5a8480ae89232dda48cc9ff93e1863e9d83460d43d63c7f45dc7
98,RUNNING,process_name=P8,remaining_time=17
100,RUNNING,process_name=P9,remaining_time=2
102,FINISHED,process_name=P9,proc_remaining=1
102,FINISHED-PROCESS,process_name=P9,sha=a9059f0c21bd19351a4fb1694ecaab842ceab5a7c424901033999361bbab40a6
102,RUNNING,process_name=P8,remaining_time=15
118,FINISHED,process_name=P8,proc_remaining=0
118,FINISHED-PROCESS,process_name=P8,sha=76789a5e6e151ce8fa9d90d7296d6d0f58cb4790d14b36bc902584ed9068ad0c
Turnaround time 17
Time overhead 5.00 2.20
Makespan 118
